case #1:
GCJ
GCJ
GCJ
case #2:
CODE
CODE
CJAM
case #3:
CA
KE
case #4:
VVVVVVVVVVVVVIBCLHMMYOOOO
VVVVVVVVVVVVVIBCLHMMYOOOO
VVVVVVVVVVVVVIBCLHMMYOOOO
VVVVVVVVVVVVVIBCLHMMYOOOO
VVVVVVVVVVVVVIBCLHMMYOOOO
VVVVVVVVVVVVVIBCLHMMYOOOO
VVVVVVVVVVVVVIBCLHMMYOOOO
VVVVVVVVVVVVVIBCLHMMYOOOO
VVVVVVVVVVVVVIBCLHMMYOOOO
VVVVVVVVVVVVVIBCLHMMYOOOO
VVVVVVVVVVVVVIBWLFMMYOOOO
VVVVVVVVVVVVVIBKPAMMYOOOO
VVVVVVVVVVVVVJBZPTRRDOOOO
VVVVVVVVVVVVVJBXSURRDOOOO
VVVVVVVVVVVVVJBENGRRDOOOO
VVVVVVVVVVVVVJBEQGRRDOOOO
VVVVVVVVVVVVVJBEQGRRDOOOO
VVVVVVVVVVVVVJBEQGRRDOOOO
VVVVVVVVVVVVVJBEQGRRDOOOO
VVVVVVVVVVVVVJBEQGRRDOOOO
VVVVVVVVVVVVVJBEQGRRDOOOO
VVVVVVVVVVVVVJBEQGRRDOOOO
VVVVVVVVVVVVVJBEQGRRDOOOO
VVVVVVVVVVVVVJBEQGRRDOOOO
VVVVVVVVVVVVVJBEQGRRDOOOO
case #5:
AAAAAAAAAAAAAAAAAAAAAAAAA
BBBBBBBBBBBBBBBBBBBBBBBBB
CCCCCCCCCCCCCCCCCCCCCCCCC
DDDDDDDDDDDDDDDDDDDDDDDDD
EEEEEEEEEEEEEEEEEEEEEEEEE
FFFFFFFFFFFFFFFFFFFFFFFFF
GGGGGGGGGGGGGGGGGGGGGGGGG
HHHHHHHHHHHHHHHHHHHHHHHHH
IIIIIIIIIIIIIIIIIIIIIIIII
JJJJJJJJJJJJJJJJJJJJJJJJJ
KKKKKKKKKKKKKKKKKKKKKKKKK
LLLLLLLLLLLLLLLLLLLLLLLLL
MMMMMMMMMMMMMMMMMMMMMMMMM
NNNNNNNNNNNNNNNNNNNNNNNNN
OOOOOOOOOOOOOOOOOOOOOOOOO
PPPPPPPPPPPPPPPPPPPPPPPPP
QQQQQQQQQQQQQQQQQQQQQQQQQ
RRRRRRRRRRRRRRRRRRRRRRRRR
SSSSSSSSSSSSSSSSSSSSSSSSS
TTTTTTTTTTTTTTTTTTTTTTTTT
UUUUUUUUUUUUUUUUUUUUUUUUU
VVVVVVVVVVVVVVVVVVVVVVVVV
WWWWWWWWWWWWWWWWWWWWWWWWW
XXXXXXXXXXXXXXXXXXXXXXXXX
YYYYYYYYYYYYYYYYYYYYYYYYY
case #6:
AACBB
AACBB
AACBB
case #7:
AAAEEEEBBBBBBBBBBBBBBBBBB
AAAEEEEBBBBBBBBBBBBBBBBBB
AAAEEEEBBBBBBBBBBBBBBBBBB
AAAEEEEBBBBBBBBBBBBBBBBBB
AAAEEEEBBBBBBBBBBBBBBBBBB
AAAEEEEBBBBBBBBBBBBBBBBBB
AAAEEEEBBBBBBBBBBBBBBBBBB
AAAEEEEBBBBBBBBBBBBBBBBBB
CCCEEEEBBBBBBBBBBBBBBBBBB
CCCEEEEDDDDDDDDDDDDDDDDDD
CCCEEEEDDDDDDDDDDDDDDDDDD
CCCEEEEDDDDDDDDDDDDDDDDDD
CCCEEEEDDDDDDDDDDDDDDDDDD
CCCEEEEDDDDDDDDDDDDDDDDDD
CCCEEEEDDDDDDDDDDDDDDDDDD
CCCEEEEDDDDDDDDDDDDDDDDDD
CCCEEEEDDDDDDDDDDDDDDDDDD
CCCEEEEDDDDDDDDDDDDDDDDDD
CCCEEEEDDDDDDDDDDDDDDDDDD
CCCEEEEDDDDDDDDDDDDDDDDDD
CCCEEEEDDDDDDDDDDDDDDDDDD
CCCEEEEDDDDDDDDDDDDDDDDDD
CCCEEEEDDDDDDDDDDDDDDDDDD
CCCEEEEDDDDDDDDDDDDDDDDDD
CCCEEEEDDDDDDDDDDDDDDDDDD
case #8:
ABCDEFGHIJKLMNOPQRSTUVWXY
ABCDEFGHIJKLMNOPQRSTUVWXY
ABCDEFGHIJKLMNOPQRSTUVWXY
ABCDEFGHIJKLMNOPQRSTUVWXY
ABCDEFGHIJKLMNOPQRSTUVWXY
ABCDEFGHIJKLMNOPQRSTUVWXY
ABCDEFGHIJKLMNOPQRSTUVWXY
ABCDEFGHIJKLMNOPQRSTUVWXY
ABCDEFGHIJKLMNOPQRSTUVWXY
ABCDEFGHIJKLMNOPQRSTUVWXY
ABCDEFGHIJKLMNOPQRSTUVWXY
ABCDEFGHIJKLMNOPQRSTUVWXY
ABCDEFGHIJKLMNOPQRSTUVWXY
ABCDEFGHIJKLMNOPQRSTUVWXY
ABCDEFGHIJKLMNOPQRSTUVWXY
ABCDEFGHIJKLMNOPQRSTUVWXY
ABCDEFGHIJKLMNOPQRSTUVWXY
ABCDEFGHIJKLMNOPQRSTUVWXY
ABCDEFGHIJKLMNOPQRSTUVWXY
ABCDEFGHIJKLMNOPQRSTUVWXY
ABCDEFGHIJKLMNOPQRSTUVWXY
ABCDEFGHIJKLMNOPQRSTUVWXY
ABCDEFGHIJKLMNOPQRSTUVWXY
ABCDEFGHIJKLMNOPQRSTUVWXY
ABCDEFGHIJKLMNOPQRSTUVWXY
case #9:
WWJJQZBNOASPXXMMIIIVVGUKK
WWJJQZBNOASPXXMMIIIVVGUKK
WWJJQZBNOASPXXMMIIIVVGUKK
WWJJQCBNOASPXXMMIIIVVGUKK
WWJJQEBNOASPXXMMIIIVVGUKK
WWJJQYBNOASPXXMMIIIVVGUKK
WWJJQYBNOASPXXMMIIIVVGUKK
WWJJQYBNOASPXXMMIIIVVGUKK
WWJJQYBNOASPXXMMIIIVVGUKK
WWJJQYBROASPXXMMIIIVVGUKK
WWJJQYBROASPXXMMIIIVVGUKK
WWJJQYBROASPXXMMIIIVVGUKK
WWJJQYBROASFXXMMIIIVVGUKK
WWJJQYBROASFXXMMIIIVVGUKK
WWJJQYBROASFXXMMIIIVVGUKK
WWJJQYBROASFXXMMIIIVVGUKK
WWJJQYBROASFXXMMIIIVVGUKK
WWJJQYBROASFXXMMIIIVVGUKK
WWJJQYBROASFXXMMIIIVVGUKK
WWJJQYHROASFXXMMIIIVVGUKK
WWJJQYHROASFXXMMIIIVVGUTT
WWJJQYHROASFXXMMIIIVVGUTT
WWJJQYHROASFXXMMIIIVVGUTT
WWJJQYDROASFXXMMIIILLGUTT
WWJJQYDROASFXXMMIIILLGUTT
case #10:
RRRRRRRRRRRJXHDFBASVVTPMW
RRRRRRRRRRRJXHDFBASVVTPMW
RRRRRRRRRRRJXHDFBASVVTPMW
RRRRRRRRRRRJXHDFBASVVTPMW
RRRRRRRRRRRJXHDFBASVVTPMW
RRRRRRRRRRRJXHDFBASVVTPMW
RRRRRRRRRRRJXHDFBASVVTPMW
RRRRRRRRRRRJXHDFBASVVTPMW
RRRRRRRRRRRJXHDFBASVVTPMW
RRRRRRRRRRRJXHDFBASVVTPMW
RRRRRRRRRRRJXHDFBASVVTPMW
RRRRRRRRRRRJXHDFBASVVTPMW
RRRRRRRRRRRJXHDFBASVVTPMW
RRRRRRRRRRRJXHDFBASVVTPMW
RRRRRRRRRRRJXHDFBASVVTPMW
RRRRRRRRRRRJXHDFBASVVTPMW
RRRRRRRRRRRJXHDFBASNNTPMW
RRRRRRRRRRRJXHDFBAYNNTPMW
RRRRRRRRRRRJXEDFBAYNNTPMW
RRRRRRRRRRRJXEDFBAYNNTPMW
RRRRRRRRRRRJXEDFBAYNNTPMW
RRRRRRRRRRRJXEDFBAYNNTPMW
RRRRRRRRRRRJXEDFBAYNNTPMW
RRRRRRRRRRRJKEDIGOYLLTPCW
RRRRRRRRRRRJKEDZGQYUUTPCW
case #11:
YYSKLTCHGJEDDRRRRRRRRRRRR
YYFKLTPHGJEDDRRRRRRRRRRRR
YYFQLNUHGWBDDRRRRRRRRRRRR
YYFQLNUAOWMDDRRRRRRRRRRRR
YYFQLVIAZXMDDRRRRRRRRRRRR
YYFQLVIAZXMDDRRRRRRRRRRRR
YYFQLVIAZXMDDRRRRRRRRRRRR
YYFQLVIAZXMDDRRRRRRRRRRRR
YYFQLVIAZXMDDRRRRRRRRRRRR
YYFQLVIAZXMDDRRRRRRRRRRRR
YYFQLVIAZXMDDRRRRRRRRRRRR
YYFQLVIAZXMDDRRRRRRRRRRRR
YYFQLVIAZXMDDRRRRRRRRRRRR
YYFQLVIAZXMDDRRRRRRRRRRRR
YYFQLVIAZXMDDRRRRRRRRRRRR
YYFQLVIAZXMDDRRRRRRRRRRRR
YYFQLVIAZXMDDRRRRRRRRRRRR
YYFQLVIAZXMDDRRRRRRRRRRRR
YYFQLVIAZXMDDRRRRRRRRRRRR
YYFQLVIAZXMDDRRRRRRRRRRRR
YYFQLVIAZXMDDRRRRRRRRRRRR
YYFQLVIAZXMDDRRRRRRRRRRRR
YYFQLVIAZXMDDRRRRRRRRRRRR
YYFQLVIAZXMDDRRRRRRRRRRRR
YYFQLVIAZXMDDRRRRRRRRRRRR
case #12:
AAAAAAAAAAAAAAAAAAAAAAAAA
BBBBBBBBBBBBBBBBBBBBBBBBB
CCCCCCCCCCCCCCCCCCCCCCCCC
DDDDDDDDDDDDDDDDDDDDDDDDD
EEEEEEEEEEEEEEEEEEEEEEEEE
FFFFFFFFFFFFFFFFFFFFFFFFF
GGGGGGGGGGGGGGGGGGGGGGGGG
HHHHHHHHHHHHHHHHHHHHHHHHH
IIIIIIIIIIIIIIIIIIIIIIIII
JJJJJJJJJJJJJJJJJJJJJJJJJ
KKKKKKKKKKKKKKKKKKKKKKKKK
LLLLLLLLLLLLLLLLLLLLLLLLL
MMMMMMMMMMMMMMMMMMMMMMMMM
NNNNNNNNNNNNNNNNNNNNNNNNN
OOOOOOOOOOOOOOOOOOOOOOOOO
PPPPPPPPPPPPPPPPPPPPPPPPP
QQQQQQQQQQQQQQQQQQQQQQQQQ
RRRRRRRRRRRRRRRRRRRRRRRRR
SSSSSSSSSSSSSSSSSSSSSSSSS
TTTTTTTTTTTTTTTTTTTTTTTTT
UUUUUUUUUUUUUUUUUUUUUUUUU
VVVVVVVVVVVVVVVVVVVVVVVVV
WWWWWWWWWWWWWWWWWWWWWWWWW
XXXXXXXXXXXXXXXXXXXXXXXXX
YYYYYYYYYYYYYYYYYYYYYYYYY
case #13:
AACDEEEEEEEEEFJJJJGGGGGGG
AACDEEEEEEEEEFJJJJGGGGGGG
AACDEEEEEEEEEFJJJJGGGGGGG
AACDEEEEEEEEEFJJJJGGGGGGG
AACDEEEEEEEEEFJJJJGGGGGGG
AACDEEEEEEEEEFJJJJGGGGGGG
AACDEEEEEEEEEFJJJJGGGGGGG
AACDEEEEEEEEEFJJJJGGGGGGG
AACDEEEEEEEEEFJJJJGGGGGGG
AACDEEEEEEEEEFJJJJGGGGGGG
AACDEEEEEEEEEFJJJJGGGGGGG
BBCDEEEEEEEEEFJJJJGGGGGGG
BBCDEEEEEEEEEFJJJJGGGGGGG
BBCDEEEEEEEEEFJJJJGGGGGGG
BBCDEEEEEEEEEFJJJJGGGGGGG
BBCDEEEEEEEEEFJJJJGGGGGGG
BBCDEEEEEEEEEFJJJJGGGGGGG
BBCDEEEEEEEEEFJJJJGGGGGGG
BBCDEEEEEEEEEFJJJJGGGGGGG
BBCDEEEEEEEEEFJJJJGGGGGGG
BBCDEEEEEEEEEHJJJJGGGGGGG
BBCDEEEEEEEEEHJJJJIIIIIII
BBCDEEEEEEEEEHJJJJIIIIIII
BBCDEEEEEEEEEHJJJJIIIIIII
BBCDEEEEEEEEEHJJJJIIIIIII
case #14:
A
B
case #15:
ABCDEFGHIJKLMNOPQRSTUVWXY
ABCDEFGHIJKLMNOPQRSTUVWXY
ABCDEFGHIJKLMNOPQRSTUVWXY
ABCDEFGHIJKLMNOPQRSTUVWXY
ABCDEFGHIJKLMNOPQRSTUVWXY
ABCDEFGHIJKLMNOPQRSTUVWXY
ABCDEFGHIJKLMNOPQRSTUVWXY
ABCDEFGHIJKLMNOPQRSTUVWXY
ABCDEFGHIJKLMNOPQRSTUVWXY
ABCDEFGHIJKLMNOPQRSTUVWXY
ABCDEFGHIJKLMNOPQRSTUVWXY
ABCDEFGHIJKLMNOPQRSTUVWXY
ABCDEFGHIJKLMNOPQRSTUVWXY
ABCDEFGHIJKLMNOPQRSTUVWXY
ABCDEFGHIJKLMNOPQRSTUVWXY
ABCDEFGHIJKLMNOPQRSTUVWXY
ABCDEFGHIJKLMNOPQRSTUVWXY
ABCDEFGHIJKLMNOPQRSTUVWXY
ABCDEFGHIJKLMNOPQRSTUVWXY
ABCDEFGHIJKLMNOPQRSTUVWXY
ABCDEFGHIJKLMNOPQRSTUVWXY
ABCDEFGHIJKLMNOPQRSTUVWXY
ABCDEFGHIJKLMNOPQRSTUVWXY
ABCDEFGHIJKLMNOPQRSTUVWXY
ABCDEFGHIJKLMNOPQRSTUVWXY
case #16:
AAAAEEEEBBBBBBBBBBBBBFHIJ
AAAAEEEEBBBBBBBBBBBBBFHIJ
AAAAEEEEBBBBBBBBBBBBBFHIJ
AAAAEEEEBBBBBBBBBBBBBFHIJ
AAAAEEEEBBBBBBBBBBBBBFHIJ
AAAAEEEEBBBBBBBBBBBBBFHIJ
AAAAEEEEBBBBBBBBBBBBBFHIJ
CCCCEEEEBBBBBBBBBBBBBFHIJ
CCCCEEEEDDDDDDDDDDDDDFHIJ
CCCCEEEEDDDDDDDDDDDDDFHIJ
CCCCEEEEDDDDDDDDDDDDDFHIJ
CCCCEEEEDDDDDDDDDDDDDFHIJ
CCCCEEEEDDDDDDDDDDDDDFHIJ
CCCCEEEEDDDDDDDDDDDDDFHIJ
CCCCEEEEDDDDDDDDDDDDDFHIJ
CCCCEEEEDDDDDDDDDDDDDFHIJ
CCCCEEEEDDDDDDDDDDDDDFHIJ
CCCCEEEEDDDDDDDDDDDDDFHIJ
CCCCEEEEDDDDDDDDDDDDDFHIJ
CCCCEEEEDDDDDDDDDDDDDGHIJ
CCCCEEEEDDDDDDDDDDDDDGHIJ
CCCCEEEEDDDDDDDDDDDDDGHIJ
CCCCEEEEDDDDDDDDDDDDDGHIJ
CCCCEEEEDDDDDDDDDDDDDGHIJ
CCCCEEEEDDDDDDDDDDDDDGHIJ
case #17:
RHHKKAAAAMTOLLCGGPPPEVFBJ
RHHKKAAAAMTOLLCGGPPPEVFBJ
RHHKKAAAAMTOLLCGGPPPEVFBJ
RHHKKAAAAMTOLLCGGPPPEVFBJ
RHHKKAAAAMTOLLCGGPPPEVFBJ
RHHKKAAAAMTOLLCGGPPPEVFBJ
RHHKKAAAAMTOLLCGGPPPEVFBJ
RHHKKAAAAMTOLLCGGPPPEVFBN
RHHKKAAAAMTOLLCGGPPPEVFBN
RHHKKAAAAMTOLLCGGPPPEVFBN
RHHKKAAAAMTOLLCGGPPPEVFBN
RXXKKAAAAMTOLLCGGWWWEVFBN
RXXKKAAAAMTOLLCGGWWWEVFBN
RXXKKAAAAMTOLLCGGWWWEVFBN
RXXKKAAAAMTOYYCGGWWWEVFBN
RXXKKAAAAMTOYYCGGWWWEVFBN
RXXKKAAAAMTOYYCGGWWWEVFBN
RXXKKAAAAMTOYYCGGWWWEVFBN
RXXKKAAAAMTOYYCGGWWWEVFBN
RXXKKAAAAMTOYYCGGWWWEVFBN
RXXKKAAAADQOYYCGGZZZEVSBN
RXXKKAAAADQOYYCGGZZZEVSBN
RXXKKAAAADQOYYCGGZZZEVSBN
RXXKKAAAADQOYYCGGZZZEVSBN
RXXKKIIIIDQOYYCGGZZZEUSBN
case #18:
JFOHB
JFOHB
JFOHB
MFOHB
QGPHB
AIEHB
DNCKL
case #19:
AACDEEEEEEEEFJJJJGGGGGGGG
AACDEEEEEEEEFJJJJGGGGGGGG
AACDEEEEEEEEFJJJJGGGGGGGG
AACDEEEEEEEEFJJJJGGGGGGGG
AACDEEEEEEEEFJJJJGGGGGGGG
AACDEEEEEEEEFJJJJGGGGGGGG
BBCDEEEEEEEEFJJJJGGGGGGGG
BBCDEEEEEEEEFJJJJGGGGGGGG
BBCDEEEEEEEEFJJJJGGGGGGGG
BBCDEEEEEEEEFJJJJGGGGGGGG
BBCDEEEEEEEEFJJJJGGGGGGGG
BBCDEEEEEEEEFJJJJGGGGGGGG
BBCDEEEEEEEEFJJJJGGGGGGGG
BBCDEEEEEEEEFJJJJGGGGGGGG
BBCDEEEEEEEEFJJJJGGGGGGGG
BBCDEEEEEEEEHJJJJGGGGGGGG
BBCDEEEEEEEEHJJJJIIIIIIII
BBCDEEEEEEEEHJJJJIIIIIIII
BBCDEEEEEEEEHJJJJIIIIIIII
BBCDEEEEEEEEHJJJJIIIIIIII
BBCDEEEEEEEEHJJJJIIIIIIII
BBCDEEEEEEEEHJJJJIIIIIIII
BBCDEEEEEEEEHJJJJIIIIIIII
BBCDEEEEEEEEHJJJJIIIIIIII
BBCDEEEEEEEEHJJJJIIIIIIII
case #20:
AAAAAAAAACDEEEEEEEEEEEEEE
AAAAAAAAACDEEEEEEEEEEEEEE
AAAAAAAAACDEEEEEEEEEEEEEE
AAAAAAAAACDEEEEEEEEEEEEEE
AAAAAAAAACDEEEEEEEEEEEEEE
AAAAAAAAACDEEEEEEEEEEEEEE
AAAAAAAAACDEEEEEEEEEEEEEE
AAAAAAAAACDEEEEEEEEEEEEEE
AAAAAAAAACDEEEEEEEEEEEEEE
AAAAAAAAACDEEEEEEEEEEEEEE
AAAAAAAAACDEEEEEEEEEEEEEE
AAAAAAAAACDEEEEEEEEEEEEEE
AAAAAAAAACDEEEEEEEEEEEEEE
AAAAAAAAACDEEEEEEEEEEEEEE
AAAAAAAAACDEEEEEEEEEEEEEE
AAAAAAAAACDEEEEEEEEEEEEEE
BBBBBBBBBCDEEEEEEEEEEEEEE
BBBBBBBBBCDEEEEEEEEEEEEEE
BBBBBBBBBCDEEEEEEEEEEEEEE
BBBBBBBBBCDEEEEEEEEEEEEEE
BBBBBBBBBCDEEEEEEEEEEEEEE
BBBBBBBBBCDEEEEEEEEEEEEEE
BBBBBBBBBCDEEEEEEEEEEEEEE
BBBBBBBBBCDEEEEEEEEEEEEEE
BBBBBBBBBCDEEEEEEEEEEEEEE
case #21:
ABCDEFGHIJKLMNOPQRSTUVWXY
ABCDEFGHIJKLMNOPQRSTUVWXY
ABCDEFGHIJKLMNOPQRSTUVWXY
ABCDEFGHIJKLMNOPQRSTUVWXY
ABCDEFGHIJKLMNOPQRSTUVWXY
ABCDEFGHIJKLMNOPQRSTUVWXY
ABCDEFGHIJKLMNOPQRSTUVWXY
ABCDEFGHIJKLMNOPQRSTUVWXY
ABCDEFGHIJKLMNOPQRSTUVWXY
ABCDEFGHIJKLMNOPQRSTUVWXY
ABCDEFGHIJKLMNOPQRSTUVWXY
ABCDEFGHIJKLMNOPQRSTUVWXY
ABCDEFGHIJKLMNOPQRSTUVWXY
ABCDEFGHIJKLMNOPQRSTUVWXY
ABCDEFGHIJKLMNOPQRSTUVWXY
ABCDEFGHIJKLMNOPQRSTUVWXY
ABCDEFGHIJKLMNOPQRSTUVWXY
ABCDEFGHIJKLMNOPQRSTUVWXY
ABCDEFGHIJKLMNOPQRSTUVWXY
ABCDEFGHIJKLMNOPQRSTUVWXY
ABCDEFGHIJKLMNOPQRSTUVWXY
ABCDEFGHIJKLMNOPQRSTUVWXY
ABCDEFGHIJKLMNOPQRSTUVWXY
ABCDEFGHIJKLMNOPQRSTUVWXY
ABCDEFGHIJKLMNOPQRSTUVWXY
case #22:
AA
case #23:
AAAAAAAAAAAAAAAAAAAAAAAAA
AAAAAAAAAAAAAAAAAAAAAAAAA
AAAAAAAAAAAAAAAAAAAAAAAAA
AAAAAAAAAAAAAAAAAAAAAAAAA
AAAAAAAAAAAAAAAAAAAAAAAAA
AAAAAAAAAAAAAAAAAAAAAAAAA
AAAAAAAAAAAAAAAAAAAAAAAAA
AAAAAAAAAAAAAAAAAAAAAAAAA
AAAAAAAAAAAAAAAAAAAAAAAAA
AAAAAAAAAAAAAAAAAAAAAAAAA
AAAAAAAAAAAAAAAAAAAAAAAAA
AAAAAAAAAAAAAAAAAAAAAAAAA
AAAAAAAAAAAAAAAAAAAAAAAAA
AAAAAAAAAAAAAAAAAAAAAAAAA
AAAAAAAAAAAAAAAAAAAAAAAAA
AAAAAAAAAAAAAAAAAAAAAAAAA
AAAAAAAAAAAAAAAAAAAAAAAAA
AAAAAAAAAAAAAAAAAAAAAAAAA
AAAAAAAAAAAAAAAAAAAAAAAAA
AAAAAAAAAAAAAAAAAAAAAAAAA
AAAAAAAAAAAAAAAAAAAAAAAAA
AAAAAAAAAAAAAAAAAAAAAAAAA
AAAAAAAAAAAAAAAAAAAAAAAAA
AAAAAAAAAAAAAAAAAAAAAAAAA
AAAAAAAAAAAAAAAAAAAAAAAAA
case #24:
AAAAAAAAAAAAAAAAUCZTWKMFQ
AAAAAAAAAAAAAAAAUCZTWKMFQ
AAAAAAAAAAAAAAAAUCZTWKMFQ
AAAAAAAAAAAAAAAAUCZTWKMFQ
AAAAAAAAAAAAAAAAUCZTWKMFQ
AAAAAAAAAAAAAAAAUCZTWKMFQ
AAAAAAAAAAAAAAAAUCZTWKMFQ
AAAAAAAAAAAAAAAAUCZTWKMFQ
AAAAAAAAAAAAAAAAUCZTWKMFO
AAAAAAAAAAAAAAAAUCZTWKMHB
AAAAAAAAAAAAAAAAUCZTWKMHB
AAAAAAAAAAAAAAAAUCZGWKMHB
AAAAAAAAAAAAAAAAUCZGWKMHV
AAAAAAAAAAAAAAAAUCZGWKMHN
AAAAAAAAAAAAAAAAUCZGWKMHN
AAAAAAAAAAAAAAAAUXZGWKMEL
AAAAAAAAAAAAAAAAUXZGWKMSL
AAAAAAAAAAAAAAAAUXZGWKMSL
AAAAAAAAAAAAAAAAUXRGWKJSL
AAAAAAAAAAAAAAAAUXRGWKJSL
AAAAAAAAAAAAAAAAUXRGWIJDL
AAAAAAAAAAAAAAAAUXRGYPJDL
AAAAAAAAAAAAAAAAUXRGYPJDL
AAAAAAAAAAAAAAAAUXRGYPJDL
AAAAAAAAAAAAAAAAUXRGYPJDL
case #25:
AAEEEEBBBBBBBBBBBBBBBBBBB
AAEEEEBBBBBBBBBBBBBBBBBBB
AAEEEEBBBBBBBBBBBBBBBBBBB
AAEEEEBBBBBBBBBBBBBBBBBBB
AAEEEEBBBBBBBBBBBBBBBBBBB
AAEEEEBBBBBBBBBBBBBBBBBBB
AAEEEEBBBBBBBBBBBBBBBBBBB
AAEEEEBBBBBBBBBBBBBBBBBBB
AAEEEEBBBBBBBBBBBBBBBBBBB
AAEEEEBBBBBBBBBBBBBBBBBBB
AAEEEEBBBBBBBBBBBBBBBBBBB
CCEEEEBBBBBBBBBBBBBBBBBBB
CCEEEEDDDDDDDDDDDDDDDDDDD
CCEEEEDDDDDDDDDDDDDDDDDDD
CCEEEEDDDDDDDDDDDDDDDDDDD
CCEEEEDDDDDDDDDDDDDDDDDDD
CCEEEEDDDDDDDDDDDDDDDDDDD
CCEEEEDDDDDDDDDDDDDDDDDDD
CCEEEEDDDDDDDDDDDDDDDDDDD
CCEEEEDDDDDDDDDDDDDDDDDDD
CCEEEEDDDDDDDDDDDDDDDDDDD
CCEEEEDDDDDDDDDDDDDDDDDDD
CCEEEEDDDDDDDDDDDDDDDDDDD
CCEEEEDDDDDDDDDDDDDDDDDDD
CCEEEEDDDDDDDDDDDDDDDDDDD
case #26:
BBACFF
BBACFF
BBACFF
BBACFF
BBECFF
BBDCFF
case #27:
IQCUXOZZDNFFEYPAAAAAVGGGG
IQCUXOZZDNFFEYPAAAAAVGGGG
IQCUXOZZDNFFEYPAAAAAVGGGG
IQCUXOZZDNFFEYPAAAAAVGGGG
KQCUXOZZDNFFEYPAAAAAVGGGG
KQCUXOZZDNFFEYPAAAAAVGGGG
KQCUXOZZDNFFEYPAAAAAVGGGG
KQCUXOZZDNFFEYPAAAAAVGGGG
KRCUXOZZDNFFEYPAAAAAVGGGG
KRCUXOZZDNFFEYPAAAAAVGGGG
KRCUXOZZDNFFEYPAAAAAVGGGG
KRCUXOZZDNFFEYPAAAAAVTTTT
KRCUXOZZDNFFEYPAAAAAVTTTT
KRCUXOZZDNFFEYPAAAAAVSSSS
KRCUXOZZDNFFEYPAAAAAVSSSS
KRCUXOZZDNFFEYPAAAAAVSSSS
KRCUXOZZDNFFEYPAAAAAVSSSS
KRCUXOZZDNFFEYPAAAAAVSSSS
KRCUXOZZDNFFBYPAAAAAVSSSS
KRCUXOZZDNFFBYPAAAAAVSSSS
KRCUXOZZDNFFBYPAAAAAVMMMM
KRCUXOZZDNFFBYPAAAAAVMMMM
KRCUXOJJDNFFBYPAAAAAVMMMM
KLCUHOJJDNFFBYPAAAAAVMMMM
KLCUHOJJDNFFWYPAAAAAVMMMM
case #28:
CB
CA
case #29:
CT
CT
CT
CU
NU
NU
PI
DK
DV
JZ
JS
JS
WO
FO
FO
GO
GO
GO
LX
QA
QA
BA
BM
YR
HE
case #30:
AEZXXOOPUUGGYYYWIIMFJVVNR
AEZXXOOPUUGGYYYWIIMFJVVNR
AEZXXOOPUUGGYYYWIIMFJVVNR
AEZXXOOPUUGGYYYWIIMFJVVNR
AEZXXOOPUUGGYYYWIIMFJVVNR
AEZXXOOPUUGGYYYWIIMFJVVNR
AEZXXOOPUUCCYYYWIIMFJVVNR
AEZXXOOPUUCCYYYWIIMFJVVNR
AEZXXOOPUUCCYYYWIIMFJVVNR
AEZXXOOPUUCCYYYWIIMFJVVNR
AEZXXOOPUUCCYYYWIIMFJVVNR
AEZXXOOPUUCCYYYWIIMFQVVNR
AEZXXOOPUUCCYYYWLLMFQVVNR
AEZXXOOPUUCCYYYWLLMFQVVNR
KEZXXOOPUUCCYYYWLLMFQVVNR
KEZSSOOPUUCCYYYWLLMFQVVNR
KEZSSOOPUUCCYYYWLLMFQVVNT
KEZSSOOPUUCCYYYWLLMFQVVNH
KBZSSOOPUUCCYYYWLLMFQVVNH
KBZSSOOPUUCCYYYWLLMFQVVNH
KBZSSOOPUUCCYYYWLLMFQVVNH
KBZSSOOPUUCCYYYWLLMFQVVNH
KBZSSOOPDDCCYYYWLLMFQVVNH
KBZSSOOPDDCCYYYWLLMFQVVNH
KBZSSOOPDDCCYYYWLLMFQVVNH
case #31:
AAAAEEEEBBBBBBBBBBBFHIJJJ
AAAAEEEEBBBBBBBBBBBFHIJJJ
CCCCEEEEBBBBBBBBBBBFHIJJJ
CCCCEEEEDDDDDDDDDDDFHIJJJ
CCCCEEEEDDDDDDDDDDDFHIJJJ
CCCCEEEEDDDDDDDDDDDFHIJJJ
CCCCEEEEDDDDDDDDDDDFHIJJJ
CCCCEEEEDDDDDDDDDDDFHIJJJ
CCCCEEEEDDDDDDDDDDDFHIJJJ
CCCCEEEEDDDDDDDDDDDFHIJJJ
CCCCEEEEDDDDDDDDDDDFHIJJJ
CCCCEEEEDDDDDDDDDDDFHIJJJ
CCCCEEEEDDDDDDDDDDDFHIJJJ
CCCCEEEEDDDDDDDDDDDFHIJJJ
CCCCEEEEDDDDDDDDDDDFHIJJJ
CCCCEEEEDDDDDDDDDDDFHIJJJ
CCCCEEEEDDDDDDDDDDDFHIJJJ
CCCCEEEEDDDDDDDDDDDFHIJJJ
CCCCEEEEDDDDDDDDDDDFHIJJJ
CCCCEEEEDDDDDDDDDDDFHIJJJ
CCCCEEEEDDDDDDDDDDDGHIJJJ
CCCCEEEEDDDDDDDDDDDGHIJJJ
CCCCEEEEDDDDDDDDDDDGHIJJJ
CCCCEEEEDDDDDDDDDDDGHIJJJ
CCCCEEEEDDDDDDDDDDDGHIJJJ
case #32:
BBBBBBBBBBBBBBBBBBBUKDATM
BBBBBBBBBBBBBBBBBBBUKDATM
BBBBBBBBBBBBBBBBBBBUKDATM
BBBBBBBBBBBBBBBBBBBUKDATM
BBBBBBBBBBBBBBBBBBBUKDATM
BBBBBBBBBBBBBBBBBBBUKDATM
BBBBBBBBBBBBBBBBBBBUKDATM
BBBBBBBBBBBBBBBBBBBUKDATR
BBBBBBBBBBBBBBBBBBBUKDAHW
BBBBBBBBBBBBBBBBBBBUKDAHC
BBBBBBBBBBBBBBBBBBBUKDAHV
BBBBBBBBBBBBBBBBBBBUSDAHG
XXXXXXXXXXXXXXXXXXXUIFAHG
XXXXXXXXXXXXXXXXXXXUNYALJ
XXXXXXXXXXXXXXXXXXXUNEALQ
XXXXXXXXXXXXXXXXXXXUNEAZQ
XXXXXXXXXXXXXXXXXXXUNEAOQ
XXXXXXXXXXXXXXXXXXXUNEAOP
XXXXXXXXXXXXXXXXXXXUNEAOP
XXXXXXXXXXXXXXXXXXXUNEAOP
XXXXXXXXXXXXXXXXXXXUNEAOP
XXXXXXXXXXXXXXXXXXXUNEAOP
XXXXXXXXXXXXXXXXXXXUNEAOP
XXXXXXXXXXXXXXXXXXXUNEAOP
XXXXXXXXXXXXXXXXXXXUNEAOP
case #33:
KKVUJJJBBNTRRRFYYQIIAXXXC
KKVUJJJBBNTRRRFYYQIIAXXXC
KKVUJJJBBNTRRRFYYQIIAXXXC
KKVUJJJBBNTRRRFYYQIIAXXXC
KKVUJJJBBNTRRRFYYQIIAXXXC
KKVUJJJBBNTRRRFYYQIIAXXXC
KKVUJJJBBNTRRRFYYQIIAXXXC
KKVUJJJBBNTRRRFYYQIIAXXXC
DDVUJJJBBNTRRRFMMQIIAXXXC
DDVUJJJBBNTRRRFWWQIIAXXXC
DDVUJJJBBNTLLLFWWQIIAXXXC
DDVUJJJBBNTLLLFWWQIIAXXXC
DDVUJJJBBNTLLLFWWQIIAXXXC
DDVUJJJGGNTLLLFWWQIIAXXXC
DDVUJJJGGNTLLLFWWQIIAXXXC
DDVUJJJGGNTPPPFWWQIIAXXXC
DDVUJJJGGNTPPPFWWQIIAXXXC
DDVUJJJOONTPPPFWWQIIAXXXC
DDVUJJJOONHPPPFWWQIIAXXXC
DDVUJJJOONHPPPFWWQIIAXXXC
DDEUJJJOONHPPPFWWQIIAXXXC
DDEUJJJOONHPPPFWWQIIAXXXC
DDESJJJOONHPPPFWWQIIAXXXC
DDESJJJOONHPPPFWWQIIAXXXC
case #34:
AAAAAAAAAAAAAAAAAAAAAAAAA
BBBBBBBBBBBBBBBBBBBBBBBBB
CCCCCCCCCCCCCCCCCCCCCCCCC
DDDDDDDDDDDDDDDDDDDDDDDDD
EEEEEEEEEEEEEEEEEEEEEEEEE
FFFFFFFFFFFFFFFFFFFFFFFFF
GGGGGGGGGGGGGGGGGGGGGGGGG
HHHHHHHHHHHHHHHHHHHHHHHHH
IIIIIIIIIIIIIIIIIIIIIIIII
JJJJJJJJJJJJJJJJJJJJJJJJJ
KKKKKKKKKKKKKKKKKKKKKKKKK
LLLLLLLLLLLLLLLLLLLLLLLLL
MMMMMMMMMMMMMMMMMMMMMMMMM
NNNNNNNNNNNNNNNNNNNNNNNNN
OOOOOOOOOOOOOOOOOOOOOOOOO
PPPPPPPPPPPPPPPPPPPPPPPPP
QQQQQQQQQQQQQQQQQQQQQQQQQ
RRRRRRRRRRRRRRRRRRRRRRRRR
SSSSSSSSSSSSSSSSSSSSSSSSS
TTTTTTTTTTTTTTTTTTTTTTTTT
UUUUUUUUUUUUUUUUUUUUUUUUU
VVVVVVVVVVVVVVVVVVVVVVVVV
WWWWWWWWWWWWWWWWWWWWWWWWW
XXXXXXXXXXXXXXXXXXXXXXXXX
YYYYYYYYYYYYYYYYYYYYYYYYY
case #35:
ZZZZZZZZZZZZZZZZZZJMQDGOC
ZZZZZZZZZZZZZZZZZZJMQDGOC
ZZZZZZZZZZZZZZZZZZJMQDGOC
ZZZZZZZZZZZZZZZZZZJMQDGOC
ZZZZZZZZZZZZZZZZZZJMQDGOC
ZZZZZZZZZZZZZZZZZZJMQDGOC
ZZZZZZZZZZZZZZZZZZJMQDGOC
ZZZZZZZZZZZZZZZZZZJMQDGOC
ZZZZZZZZZZZZZZZZZZJMQDGOC
ZZZZZZZZZZZZZZZZZZJMQDGOC
ZZZZZZZZZZZZZZZZZZJMQDGOC
ZZZZZZZZZZZZZZZZZZJMQDGOC
ZZZZZZZZZZZZZZZZZZJMQDGOC
ZZZZZZZZZZZZZZZZZZJMQDGOC
ZZZZZZZZZZZZZZZZZZJMQDGOC
ZZZZZZZZZZZZZZZZZZJMQDGOC
ZZZZZZZZZZZZZZZZZZJMQDGOC
ZZZZZZZZZZZZZZZZZZJMQDGFC
ZZZZZZZZZZZZZZZZZZJLNDGKC
ZZZZZZZZZZZZZZZZZZJBHDGKC
ZZZZZZZZZZZZZZZZZZJBIPTKY
ZZZZZZZZZZZZZZZZZZWXIPVES
ZZZZZZZZZZZZZZZZZZWRIAVES
ZZZZZZZZZZZZZZZZZZWRIUVES
ZZZZZZZZZZZZZZZZZZWRIUVES
case #36:
AAAAAAAAEEEEBBBBBBBBBBBBB
AAAAAAAAEEEEBBBBBBBBBBBBB
AAAAAAAAEEEEBBBBBBBBBBBBB
AAAAAAAAEEEEBBBBBBBBBBBBB
AAAAAAAAEEEEBBBBBBBBBBBBB
AAAAAAAAEEEEBBBBBBBBBBBBB
AAAAAAAAEEEEBBBBBBBBBBBBB
AAAAAAAAEEEEBBBBBBBBBBBBB
AAAAAAAAEEEEBBBBBBBBBBBBB
AAAAAAAAEEEEBBBBBBBBBBBBB
AAAAAAAAEEEEBBBBBBBBBBBBB
AAAAAAAAEEEEBBBBBBBBBBBBB
AAAAAAAAEEEEBBBBBBBBBBBBB
AAAAAAAAEEEEBBBBBBBBBBBBB
AAAAAAAAEEEEBBBBBBBBBBBBB
AAAAAAAAEEEEBBBBBBBBBBBBB
AAAAAAAAEEEEBBBBBBBBBBBBB
AAAAAAAAEEEEBBBBBBBBBBBBB
AAAAAAAAEEEEBBBBBBBBBBBBB
CCCCCCCCEEEEBBBBBBBBBBBBB
CCCCCCCCEEEEDDDDDDDDDDDDD
CCCCCCCCEEEEDDDDDDDDDDDDD
CCCCCCCCEEEEDDDDDDDDDDDDD
CCCCCCCCEEEEDDDDDDDDDDDDD
CCCCCCCCEEEEDDDDDDDDDDDDD
case #37:
KKOCCEHJFFFFPPGUUIISZZXXD
KKOCCEHJFFFFPPGUUIISZZXXD
KKOCCEHJFFFFPPGUUIISZZXXD
KKOCCEHJFFFFPPGUUIISZZXXD
KKOCCEHJFFFFPPGUUYYSZZXXD
KKOCCEHJFFFFPPGUUYYSZZXXD
RROCCEHJFFFFPPGUUYYSZZXXD
RROCCEHJFFFFPPGUUQQSZZXXD
RROCCEHJFFFFPPGUUQQSZZXXD
RROCCEHJFFFFPPGUUQQSZZXXD
RROCCEHJFFFFPPGUUQQSZZXXD
RROCCWHJBBBBPPGUUQQSZZTTD
RROCCWHJBBBBPPGUUQQSZZLLD
RROCCWHJBBBBPPGUUQQSZZLLD
RROCCWHJBBBBPPGUUQQSZZLLD
NNOCCWHJBBBBPPGUUQQSZZLLD
NNOCCWHJBBBBPPGUUQQSZZLLD
NNOCCWHJBBBBPPGUUQQAZZLLD
NNOCCWHJBBBBPPGUUQQAZZLLD
NNOCCWHJBBBBPPGUUQQAZZLLD
NNOCCWHJBBBBPPGUUQQAZZLLD
NNOCCWHJBBBBPPGUUQQAZZLLD
NNOCCWHJBBBBPPGUUQQAZZLLD
NNOCCWHJBBBBVVGUUMMAZZLLD
NNOCCWHJBBBBVVGUUMMAZZLLD
case #38:
HNOLB
KNOLB
INDFB
AMEPJ
AMECG
case #39:
BBCG
BBCG
BBCA
BBCF
BBHD
BBHE
case #40:
TJLDDBBBBSSSSSXXEEVVWGHP
TJLDDBBBBSSSSSXXEEVVWGHP
TJLDDBBBBSSSSSXXEEVVWGHP
TJLDDBBBBSSSSSXXEEVVWGHP
TJLDDBBBBSSSSSXXEEVVWGHP
TJLDDBBBBSSSSSXXEEVVWGHP
TJQDDBBBBSSSSSXXEEVVWGHP
TJQDDBBBBSSSSSXXEEVVOGHP
TJFDDBBBBSSSSSXXKKVVOGHA
TJFDDBBBBSSSSSXXKKVVOGHA
TJFDDBBBBSSSSSXXKKVVOGHA
TJFDDBBBBSSSSSXXKKVVOGHA
TJFDDBBBBSSSSSXXKKVVOGHA
TJFDDBBBBSSSSSXXKKVVOGHA
TJFDDBBBBSSSSSXXKKVVOGHA
TJFDDBBBBSSSSSXXKKVVOGHA
TJFDDBBBBUUUUUXXKKVVOGHA
TJFDDBBBBUUUUUXXKKVVMGHA
TJFDDBBBBUUUUUXXKKVVMGHA
TJFDDBBBBIIIIIXXKKVVMGHA
TJFDDBBBBIIIIIXXKKVVMGHA
TJFDDBBBBIIIIIRRKKVVMGHA
NJFDDBBBBIIIIIRRKKVVYGHA
NJCDDBBBBIIIIIRRKKVVYGHA
NJCDDBBBBIIIIIRRKKVVYGHA
case #41:
DC
AB
case #42:
AB
case #43:
ABCDEFGHIJKLMNOPQRSTUVWXY
ABCDEFGHIJKLMNOPQRSTUVWXY
ABCDEFGHIJKLMNOPQRSTUVWXY
ABCDEFGHIJKLMNOPQRSTUVWXY
ABCDEFGHIJKLMNOPQRSTUVWXY
ABCDEFGHIJKLMNOPQRSTUVWXY
ABCDEFGHIJKLMNOPQRSTUVWXY
ABCDEFGHIJKLMNOPQRSTUVWXY
ABCDEFGHIJKLMNOPQRSTUVWXY
ABCDEFGHIJKLMNOPQRSTUVWXY
ABCDEFGHIJKLMNOPQRSTUVWXY
ABCDEFGHIJKLMNOPQRSTUVWXY
ABCDEFGHIJKLMNOPQRSTUVWXY
ABCDEFGHIJKLMNOPQRSTUVWXY
ABCDEFGHIJKLMNOPQRSTUVWXY
ABCDEFGHIJKLMNOPQRSTUVWXY
ABCDEFGHIJKLMNOPQRSTUVWXY
ABCDEFGHIJKLMNOPQRSTUVWXY
ABCDEFGHIJKLMNOPQRSTUVWXY
ABCDEFGHIJKLMNOPQRSTUVWXY
ABCDEFGHIJKLMNOPQRSTUVWXY
ABCDEFGHIJKLMNOPQRSTUVWXY
ABCDEFGHIJKLMNOPQRSTUVWXY
ABCDEFGHIJKLMNOPQRSTUVWXY
ABCDEFGHIJKLMNOPQRSTUVWXY
case #44:
CCCPTZEOSSJJYFIWQQVHGMRUA
BBBNTZKOSSJJDFIWLLXHGMRUA
case #45:
LGFK
MGIJ
BHAE
DCAE
case #46:
RAHYGGLLBOTPNEEQQQQFSSIII
RAHYGGLLBJTPNEEQQQQFSSIII
RAHYGGLLBJTPNEEQQQQFSSIII
RAHYGGLLBJTPNEEQQQQFSSIII
RAHYGGLLBJTPNEEQQQQFSSIII
RAHYGGLLBJTPNEEQQQQFSSIII
RAHYGGLLBJTPNEEQQQQFSSIII
RAHYGGLLBJTPNEEQQQQFSSIII
RAHYGGLLBJTPNEEQQQQFSSIII
RAHYGGLLBJTPNEEQQQQFSSIII
RAHYGGLLBJTPNEEQQQQFSSIII
RAHYGGLLBJTPNEEQQQQFSSIII
RCHYGGLLBJTPNEEQQQQFZZIII
RCHYGGLLBJTPNEEQQQQFZZIII
RCHYGGLLBJTXNEEQQQQFZZIII
RCHYGGLLBJTXNEEQQQQFZZIII
RCHYGGLLBJTXUEEQQQQFZZIII
RCHYGGLLBJTXUEEQQQQFZZIII
RCHYGGLLBJTXUEEQQQQFZZIII
RCHYGGLLBJDXUEEQQQQFZZIII
RCHYGGLLMJDXUEEQQQQKZZIII
RCHYGGLLMJDXUEEQQQQKZZIII
RCHYGGLLMJDXUEEQQQQKZZIII
RCHYGGLLMJDXUEEQQQQKZZIII
RCHWGGLLMVDXUEEQQQQKZZIII
case #47:
AAACDEEEEEEEEEEEEEEEEEEEE
AAACDEEEEEEEEEEEEEEEEEEEE
AAACDEEEEEEEEEEEEEEEEEEEE
AAACDEEEEEEEEEEEEEEEEEEEE
AAACDEEEEEEEEEEEEEEEEEEEE
AAACDEEEEEEEEEEEEEEEEEEEE
AAACDEEEEEEEEEEEEEEEEEEEE
AAACDEEEEEEEEEEEEEEEEEEEE
AAACDEEEEEEEEEEEEEEEEEEEE
AAACDEEEEEEEEEEEEEEEEEEEE
AAACDEEEEEEEEEEEEEEEEEEEE
AAACDEEEEEEEEEEEEEEEEEEEE
AAACDEEEEEEEEEEEEEEEEEEEE
AAACDEEEEEEEEEEEEEEEEEEEE
AAACDEEEEEEEEEEEEEEEEEEEE
AAACDEEEEEEEEEEEEEEEEEEEE
BBBCDEEEEEEEEEEEEEEEEEEEE
BBBCDEEEEEEEEEEEEEEEEEEEE
BBBCDEEEEEEEEEEEEEEEEEEEE
BBBCDEEEEEEEEEEEEEEEEEEEE
BBBCDEEEEEEEEEEEEEEEEEEEE
BBBCDEEEEEEEEEEEEEEEEEEEE
BBBCDEEEEEEEEEEEEEEEEEEEE
BBBCDEEEEEEEEEEEEEEEEEEEE
BBBCDEEEEEEEEEEEEEEEEEEEE
case #48:
AAAAAAAAAAAAAAAAAAAAAAAAA
BBBBBBBBBBBBBBBBBBBBBBBBB
CCCCCCCCCCCCCCCCCCCCCCCCC
DDDDDDDDDDDDDDDDDDDDDDDDD
EEEEEEEEEEEEEEEEEEEEEEEEE
FFFFFFFFFFFFFFFFFFFFFFFFF
GGGGGGGGGGGGGGGGGGGGGGGGG
HHHHHHHHHHHHHHHHHHHHHHHHH
IIIIIIIIIIIIIIIIIIIIIIIII
JJJJJJJJJJJJJJJJJJJJJJJJJ
KKKKKKKKKKKKKKKKKKKKKKKKK
LLLLLLLLLLLLLLLLLLLLLLLLL
MMMMMMMMMMMMMMMMMMMMMMMMM
NNNNNNNNNNNNNNNNNNNNNNNNN
OOOOOOOOOOOOOOOOOOOOOOOOO
PPPPPPPPPPPPPPPPPPPPPPPPP
QQQQQQQQQQQQQQQQQQQQQQQQQ
RRRRRRRRRRRRRRRRRRRRRRRRR
SSSSSSSSSSSSSSSSSSSSSSSSS
TTTTTTTTTTTTTTTTTTTTTTTTT
UUUUUUUUUUUUUUUUUUUUUUUUU
VVVVVVVVVVVVVVVVVVVVVVVVV
WWWWWWWWWWWWWWWWWWWWWWWWW
XXXXXXXXXXXXXXXXXXXXXXXXX
YYYYYYYYYYYYYYYYYYYYYYYYY
case #49:
AAAAAAAACDEEEEEEFJJJJGGGG
AAAAAAAACDEEEEEEFJJJJGGGG
AAAAAAAACDEEEEEEFJJJJGGGG
AAAAAAAACDEEEEEEFJJJJGGGG
AAAAAAAACDEEEEEEFJJJJGGGG
AAAAAAAACDEEEEEEFJJJJGGGG
AAAAAAAACDEEEEEEFJJJJGGGG
AAAAAAAACDEEEEEEFJJJJGGGG
AAAAAAAACDEEEEEEFJJJJGGGG
AAAAAAAACDEEEEEEFJJJJGGGG
AAAAAAAACDEEEEEEFJJJJGGGG
BBBBBBBBCDEEEEEEFJJJJGGGG
BBBBBBBBCDEEEEEEFJJJJGGGG
BBBBBBBBCDEEEEEEFJJJJGGGG
BBBBBBBBCDEEEEEEFJJJJGGGG
BBBBBBBBCDEEEEEEFJJJJGGGG
BBBBBBBBCDEEEEEEFJJJJGGGG
BBBBBBBBCDEEEEEEFJJJJGGGG
BBBBBBBBCDEEEEEEFJJJJGGGG
BBBBBBBBCDEEEEEEFJJJJGGGG
BBBBBBBBCDEEEEEEFJJJJGGGG
BBBBBBBBCDEEEEEEFJJJJGGGG
BBBBBBBBCDEEEEEEHJJJJGGGG
BBBBBBBBCDEEEEEEHJJJJIIII
BBBBBBBBCDEEEEEEHJJJJIIII
case #50:
AEG
AFG
CDG
CBG
CBG
case #51:
AAAAACDEEEEEEEEEEEEEEEEEE
AAAAACDEEEEEEEEEEEEEEEEEE
AAAAACDEEEEEEEEEEEEEEEEEE
AAAAACDEEEEEEEEEEEEEEEEEE
AAAAACDEEEEEEEEEEEEEEEEEE
AAAAACDEEEEEEEEEEEEEEEEEE
AAAAACDEEEEEEEEEEEEEEEEEE
AAAAACDEEEEEEEEEEEEEEEEEE
AAAAACDEEEEEEEEEEEEEEEEEE
AAAAACDEEEEEEEEEEEEEEEEEE
AAAAACDEEEEEEEEEEEEEEEEEE
AAAAACDEEEEEEEEEEEEEEEEEE
AAAAACDEEEEEEEEEEEEEEEEEE
AAAAACDEEEEEEEEEEEEEEEEEE
AAAAACDEEEEEEEEEEEEEEEEEE
AAAAACDEEEEEEEEEEEEEEEEEE
AAAAACDEEEEEEEEEEEEEEEEEE
AAAAACDEEEEEEEEEEEEEEEEEE
AAAAACDEEEEEEEEEEEEEEEEEE
BBBBBCDEEEEEEEEEEEEEEEEEE
BBBBBCDEEEEEEEEEEEEEEEEEE
BBBBBCDEEEEEEEEEEEEEEEEEE
BBBBBCDEEEEEEEEEEEEEEEEEE
BBBBBCDEEEEEEEEEEEEEEEEEE
BBBBBCDEEEEEEEEEEEEEEEEEE
case #52:
AA
AA
case #53:
BCAF
BEAF
BGDF
case #54:
AAAAACDEEEEEEEFJJJJGGGGGG
AAAAACDEEEEEEEFJJJJGGGGGG
AAAAACDEEEEEEEFJJJJGGGGGG
AAAAACDEEEEEEEFJJJJGGGGGG
AAAAACDEEEEEEEFJJJJGGGGGG
BBBBBCDEEEEEEEFJJJJGGGGGG
BBBBBCDEEEEEEEFJJJJGGGGGG
BBBBBCDEEEEEEEFJJJJGGGGGG
BBBBBCDEEEEEEEFJJJJGGGGGG
BBBBBCDEEEEEEEFJJJJGGGGGG
BBBBBCDEEEEEEEFJJJJGGGGGG
BBBBBCDEEEEEEEFJJJJGGGGGG
BBBBBCDEEEEEEEFJJJJGGGGGG
BBBBBCDEEEEEEEHJJJJGGGGGG
BBBBBCDEEEEEEEHJJJJIIIIII
BBBBBCDEEEEEEEHJJJJIIIIII
BBBBBCDEEEEEEEHJJJJIIIIII
BBBBBCDEEEEEEEHJJJJIIIIII
BBBBBCDEEEEEEEHJJJJIIIIII
BBBBBCDEEEEEEEHJJJJIIIIII
BBBBBCDEEEEEEEHJJJJIIIIII
BBBBBCDEEEEEEEHJJJJIIIIII
BBBBBCDEEEEEEEHJJJJIIIIII
BBBBBCDEEEEEEEHJJJJIIIIII
BBBBBCDEEEEEEEHJJJJIIIIII
case #55:
AAAAAAAAAAAAAAAAAAAAAAAAA
BBBBBBBBBBBBBBBBBBBBBBBBB
CCCCCCCCCCCCCCCCCCCCCCCCC
DDDDDDDDDDDDDDDDDDDDDDDDD
EEEEEEEEEEEEEEEEEEEEEEEEE
FFFFFFFFFFFFFFFFFFFFFFFFF
GGGGGGGGGGGGGGGGGGGGGGGGG
HHHHHHHHHHHHHHHHHHHHHHHHH
IIIIIIIIIIIIIIIIIIIIIIIII
JJJJJJJJJJJJJJJJJJJJJJJJJ
KKKKKKKKKKKKKKKKKKKKKKKKK
LLLLLLLLLLLLLLLLLLLLLLLLL
MMMMMMMMMMMMMMMMMMMMMMMMM
NNNNNNNNNNNNNNNNNNNNNNNNN
OOOOOOOOOOOOOOOOOOOOOOOOO
PPPPPPPPPPPPPPPPPPPPPPPPP
QQQQQQQQQQQQQQQQQQQQQQQQQ
RRRRRRRRRRRRRRRRRRRRRRRRR
SSSSSSSSSSSSSSSSSSSSSSSSS
TTTTTTTTTTTTTTTTTTTTTTTTT
UUUUUUUUUUUUUUUUUUUUUUUUU
VVVVVVVVVVVVVVVVVVVVVVVVV
WWWWWWWWWWWWWWWWWWWWWWWWW
XXXXXXXXXXXXXXXXXXXXXXXXX
YYYYYYYYYYYYYYYYYYYYYYYYY
case #56:
DDDGZELXCCHJKKTIUSSSMPAAY
DDDGZELXCCHJKKTIUSSSMPAAY
DDDGZELXCCHJKKTIUSSSMPAAY
DDDGZELXCCHJKKTIUSSSMPAAY
DDDGZELXCCHJKKTIUSSSMPAAY
DDDGZELXCCHRKKTIUSSSMPAAY
DDDGZELXCCHRKKTIUSSSMPAAY
DDDGZELXCCHRKKTIUSSSMPAAY
DDDGZELXCCHRKKTIUSSSMPAAY
DDDGZELXCCHRKKTIUSSSMPAAY
DDDGZELXCCHRKKTIUSSSMPAAY
DDDGZELXCCHOKKTIUSSSMPAAY
DDDGZELXCCHOKKTIUSSSMPAAY
DDDWZELXCCHOKKTIUSSSMPAAY
DDDWZELXCCHOKKTIBSSSMPAAY
DDDWZELXCCHOKKFIBSSSVPAAY
DDDWZELXCCHOKKFIBSSSVPAAY
DDDWZELXCCHOKKFIBSSSVPAAY
DDDWZELXCCHOKKFIBSSSVPAAY
DDDWZELXCCHOKKFIQSSSNPAAY
DDDWZELXCCHOKKFIQSSSNPAAY
DDDWZELXCCHOKKFIQSSSNPAAY
DDDWZELXCCHOKKFIQSSSNPAAY
DDDWZELXCCHOKKFIQSSSNPAAY
DDDWZELXCCHOKKFIQSSSNPAAY
case #57:
ABCDEFGHIJKLMNOPQRSTUVWXY
ABCDEFGHIJKLMNOPQRSTUVWXY
ABCDEFGHIJKLMNOPQRSTUVWXY
ABCDEFGHIJKLMNOPQRSTUVWXY
ABCDEFGHIJKLMNOPQRSTUVWXY
ABCDEFGHIJKLMNOPQRSTUVWXY
ABCDEFGHIJKLMNOPQRSTUVWXY
ABCDEFGHIJKLMNOPQRSTUVWXY
ABCDEFGHIJKLMNOPQRSTUVWXY
ABCDEFGHIJKLMNOPQRSTUVWXY
ABCDEFGHIJKLMNOPQRSTUVWXY
ABCDEFGHIJKLMNOPQRSTUVWXY
ABCDEFGHIJKLMNOPQRSTUVWXY
ABCDEFGHIJKLMNOPQRSTUVWXY
ABCDEFGHIJKLMNOPQRSTUVWXY
ABCDEFGHIJKLMNOPQRSTUVWXY
ABCDEFGHIJKLMNOPQRSTUVWXY
ABCDEFGHIJKLMNOPQRSTUVWXY
ABCDEFGHIJKLMNOPQRSTUVWXY
ABCDEFGHIJKLMNOPQRSTUVWXY
ABCDEFGHIJKLMNOPQRSTUVWXY
ABCDEFGHIJKLMNOPQRSTUVWXY
ABCDEFGHIJKLMNOPQRSTUVWXY
ABCDEFGHIJKLMNOPQRSTUVWXY
ABCDEFGHIJKLMNOPQRSTUVWXY
case #58:
AA
BB
case #59:
YYYYYYYYYYYYJATXUHVECQSSD
YYYYYYYYYYYYJATXUHVECQSSD
YYYYYYYYYYYYJATXUHVECQSSD
YYYYYYYYYYYYJATXUHVECQSSD
YYYYYYYYYYYYJATXUHVECQSSD
YYYYYYYYYYYYJATXUHRECQSSD
YYYYYYYYYYYYJATXUHRECQSSD
YYYYYYYYYYYYJATXUHRECQSSD
YYYYYYYYYYYYJATXUHWNCQSSD
YYYYYYYYYYYYJATXUHWNCISSD
YYYYYYYYYYYYJATXUPZNCISSD
YYYYYYYYYYYYJATXUPZNCISSD
YYYYYYYYYYYYJATXUPZNCISSD
YYYYYYYYYYYYLATXUPZNCISSD
YYYYYYYYYYYYLATXUPZNCISSD
YYYYYYYYYYYYLATGFPZKCOSSD
YYYYYYYYYYYYLATGFBZKCOSSD
YYYYYYYYYYYYLATGFBZKCOSSD
YYYYYYYYYYYYLATGFMZKCOSSD
YYYYYYYYYYYYLATGFMZKCOSSD
YYYYYYYYYYYYLATGFMZKCOSSD
YYYYYYYYYYYYLATGFMZKCOSSD
YYYYYYYYYYYYLATGFMZKCOSSD
YYYYYYYYYYYYLATGFMZKCOSSD
YYYYYYYYYYYYLATGFMZKCOSSD
case #60:
CBD
CBF
CAE
case #61:
KBBCPPUNNTTZQDDYYYYOOVIGG
KBBCPPUNNTTZQDDYYYYOOVIGG
KBBCPPUNNTTZQDDYYYYOOVIGG
KBBCPPUNNTTZQDDYYYYOOVIGG
KBBCPPUNNTTZQDDYYYYOOVIGG
KBBCPPUNNTTZQDDYYYYOOVIGG
KBBCPPUNNTTZQDDFFFFOOVIGG
KBBCPPUNNTTZQDDFFFFOOVIGG
KBBCPPUAATTSQDDFFFFOOVIGG
KBBCPPUWWTTSQDDFFFFOOVIGG
KBBJPPUWWTTSQDDFFFFOOVIGG
KBBJPPUWWTTLQDDFFFFOOVIGG
KBBJPPUWWTTLQDDFFFFOOVIGG
KBBJPPUWWTTLQDDFFFFOOVIGG
KBBJPPUWWTTLXDDFFFFOOVIGG
KBBJPPUWWTTLXDDFFFFOOVIGG
KBBJPPUWWTTLXDDFFFFOOVIGG
KBBJPPUWWTTLXDDFFFFOOVIGG
KBBJPPUWWMMLXDDFFFFOOVIGG
KBBJPPUWWMMLXDDFFFFOOVIGG
KBBJPPUWWMMLXDDFFFFOOVIGG
KBBJPPUWWMMLXDDFFFFOOVIGG
KBBJPPUWWMMLXDDFFFFHHVIGG
KBBJPPUEEMMLXDDFFFFHHVIGG
RBBJPPUEEMMLXDDFFFFHHVIGG
case #62:
B
B
A
A
A
A
E
L
D
J
J
J
J
I
F
C
C
G
G
G
M
M
H
H
K
case #63:
CCCCCCCCCCCCCCCISMZQVEEEE
CCCCCCCCCCCCCCCISMZQVEEEE
CCCCCCCCCCCCCCCISMZQVEEEE
CCCCCCCCCCCCCCCISMZQVEEEE
CCCCCCCCCCCCCCCISMZQVEEEE
CCCCCCCCCCCCCCCISMZQVEEEE
CCCCCCCCCCCCCCCISMZQVEEEE
CCCCCCCCCCCCCCCISYZQVEEEE
CCCCCCCCCCCCCCCISDZQVEEEE
CCCCCCCCCCCCCCCIPUZAVEEEE
NNNNNNNNNNNNNNNWPUOBVEEEE
NNNNNNNNNNNNNNNKPUXBVEEEE
NNNNNNNNNNNNNNNKTHXGVEEEE
NNNNNNNNNNNNNNNKRFLGVEEEE
NNNNNNNNNNNNNNNKRFJGVEEEE
NNNNNNNNNNNNNNNKRFJGVEEEE
NNNNNNNNNNNNNNNKRFJGVEEEE
NNNNNNNNNNNNNNNKRFJGVEEEE
NNNNNNNNNNNNNNNKRFJGVEEEE
NNNNNNNNNNNNNNNKRFJGVEEEE
NNNNNNNNNNNNNNNKRFJGVEEEE
NNNNNNNNNNNNNNNKRFJGVEEEE
NNNNNNNNNNNNNNNKRFJGVEEEE
NNNNNNNNNNNNNNNKRFJGVEEEE
NNNNNNNNNNNNNNNKRFJGVEEEE
case #64:
XXXXXXXXXXXXXXXXXXKKGNOTM
XXXXXXXXXXXXXXXXXXKKGNOTM
XXXXXXXXXXXXXXXXXXKKGNOTM
XXXXXXXXXXXXXXXXXXKKGNOTM
XXXXXXXXXXXXXXXXXXKKGNOTM
XXXXXXXXXXXXXXXXXXKKGNOTM
XXXXXXXXXXXXXXXXXXKKGNOTM
XXXXXXXXXXXXXXXXXXKKGNOTM
XXXXXXXXXXXXXXXXXXKKGNOTM
XXXXXXXXXXXXXXXXXXKKGNOTM
XXXXXXXXXXXXXXXXXXKKGNOTM
XXXXXXXXXXXXXXXXXXKKGNOTM
XXXXXXXXXXXXXXXXXXKKGNOTM
XXXXXXXXXXXXXXXXXXKKGNOTM
XXXXXXXXXXXXXXXXXXKKGNOTM
XXXXXXXXXXXXXXXXXXKKGNOTM
XXXXXXXXXXXXXXXXXXKKGNOTM
XXXXXXXXXXXXXXXXXXKKGNOTM
XXXXXXXXXXXXXXXXXXKKGNOCY
XXXXXXXXXXXXXXXXXXKKGNOCD
XXXXXXXXXXXXXXXXXXKKGNOAJ
XXXXXXXXXXXXXXXXXXSSGVOAJ
XXXXXXXXXXXXXXXXXXRRZVUAP
XXXXXXXXXXXXXXXXXXRRWQFAB
XXXXXXXXXXXXXXXXXXRRWLHEI
case #65:
AAAAAEEEEBBBFHIJJJJJJJJJJ
AAAAAEEEEBBBFHIJJJJJJJJJJ
CCCCCEEEEBBBFHIJJJJJJJJJJ
CCCCCEEEEDDDFHIJJJJJJJJJJ
CCCCCEEEEDDDFHIJJJJJJJJJJ
CCCCCEEEEDDDFHIJJJJJJJJJJ
CCCCCEEEEDDDFHIJJJJJJJJJJ
CCCCCEEEEDDDFHIJJJJJJJJJJ
CCCCCEEEEDDDFHIJJJJJJJJJJ
CCCCCEEEEDDDFHIJJJJJJJJJJ
CCCCCEEEEDDDFHIJJJJJJJJJJ
CCCCCEEEEDDDFHIJJJJJJJJJJ
CCCCCEEEEDDDFHIJJJJJJJJJJ
CCCCCEEEEDDDFHIJJJJJJJJJJ
CCCCCEEEEDDDFHIJJJJJJJJJJ
CCCCCEEEEDDDFHIJJJJJJJJJJ
CCCCCEEEEDDDFHIJJJJJJJJJJ
CCCCCEEEEDDDFHIJJJJJJJJJJ
CCCCCEEEEDDDFHIJJJJJJJJJJ
CCCCCEEEEDDDFHIJJJJJJJJJJ
CCCCCEEEEDDDFHIJJJJJJJJJJ
CCCCCEEEEDDDGHIJJJJJJJJJJ
CCCCCEEEEDDDGHIJJJJJJJJJJ
CCCCCEEEEDDDGHIJJJJJJJJJJ
CCCCCEEEEDDDGHIJJJJJJJJJJ
case #66:
GGGGGGGGGGGGGGGGDQVELUURJ
GGGGGGGGGGGGGGGGDQVELUURJ
GGGGGGGGGGGGGGGGDQVELUURJ
GGGGGGGGGGGGGGGGDQVELUURJ
GGGGGGGGGGGGGGGGDQVELUURJ
GGGGGGGGGGGGGGGGDQVEYUURJ
GGGGGGGGGGGGGGGGDQVEYUURJ
GGGGGGGGGGGGGGGGDQVEYUURJ
GGGGGGGGGGGGGGGGDIZKCUURW
GGGGGGGGGGGGGGGGDIZKCUURW
FFFFFFFFFFFFFFFFDOPNCUUAW
FFFFFFFFFFFFFFFFDOPNCUUAT
FFFFFFFFFFFFFFFFDOPNCUUAT
FFFFFFFFFFFFFFFFDMPSCUUAT
FFFFFFFFFFFFFFFFDBPSCUUAT
FFFFFFFFFFFFFFFFDXPSCUUAT
FFFFFFFFFFFFFFFFDXPHCUUAT
FFFFFFFFFFFFFFFFDXPHCUUAT
FFFFFFFFFFFFFFFFDXPHCUUAT
FFFFFFFFFFFFFFFFDXPHCUUAT
FFFFFFFFFFFFFFFFDXPHCUUAT
FFFFFFFFFFFFFFFFDXPHCUUAT
FFFFFFFFFFFFFFFFDXPHCUUAT
FFFFFFFFFFFFFFFFDXPHCUUAT
FFFFFFFFFFFFFFFFDXPHCUUAT
case #67:
XWOOOQQAAASRKKCCCDYFUVMLP
XWOOOQQAAASRKKCCCDYFUVMLP
XWOOOQQAAASRKKCCCDYFUVMLP
XWOOOQQAAASRKKCCCDYFUVMLP
XWOOOQQAAASRKKCCCDYFUVMLP
XWOOOQQAAASRKKCCCDYFUVMLP
XWOOOQQAAASRKKCCCDYFUVMLP
XWOOOQQAAASRKKCCCDYFUVMLP
XWOOOQQAAASRKKCCCDYFUVMLP
XWOOOQQAAASRKKCCCDYFUVMLP
XWOOOQQAAASRKKCCCDYEUGMLP
XWOOOQQAAASRKKCCCDYEUGMLP
XWOOOQQAAASRKKCCCDYZUGMLP
XWOOOQQAAASRTTCCCDYZUGMLP
XWOOOQQAAASRTTCCCDYZUGMLP
XWOOOQQAAASRTTCCCDYZUGMLP
XWOOOQQAAASRTTCCCDYZUGMLP
XHOOOQQAAASRTTCCCDYZUGMLN
XHOOOQQAAASRTTCCCDYZUGMLN
XHOOOQQAAASRTTCCCDYZUGMLN
XJOOOQQAAASRTTCCCDYZUGMLN
XJOOOQQAAASRTTCCCDYZUGMLN
XJOOOQQAAASRTTCCCDBZUGMLN
XJOOOQQAAASRTTCCCDBZUGMLN
XJOOOQQAAASRTTCCCDBZUGMIN
case #68:
AAAAAACDEEEEEEEEEEEEEEEEE
AAAAAACDEEEEEEEEEEEEEEEEE
AAAAAACDEEEEEEEEEEEEEEEEE
AAAAAACDEEEEEEEEEEEEEEEEE
AAAAAACDEEEEEEEEEEEEEEEEE
AAAAAACDEEEEEEEEEEEEEEEEE
AAAAAACDEEEEEEEEEEEEEEEEE
AAAAAACDEEEEEEEEEEEEEEEEE
AAAAAACDEEEEEEEEEEEEEEEEE
AAAAAACDEEEEEEEEEEEEEEEEE
BBBBBBCDEEEEEEEEEEEEEEEEE
BBBBBBCDEEEEEEEEEEEEEEEEE
BBBBBBCDEEEEEEEEEEEEEEEEE
BBBBBBCDEEEEEEEEEEEEEEEEE
BBBBBBCDEEEEEEEEEEEEEEEEE
BBBBBBCDEEEEEEEEEEEEEEEEE
BBBBBBCDEEEEEEEEEEEEEEEEE
BBBBBBCDEEEEEEEEEEEEEEEEE
BBBBBBCDEEEEEEEEEEEEEEEEE
BBBBBBCDEEEEEEEEEEEEEEEEE
BBBBBBCDEEEEEEEEEEEEEEEEE
BBBBBBCDEEEEEEEEEEEEEEEEE
BBBBBBCDEEEEEEEEEEEEEEEEE
BBBBBBCDEEEEEEEEEEEEEEEEE
BBBBBBCDEEEEEEEEEEEEEEEEE
case #69:
AAAAEEEEBBBBBBBBBBBBBBBBB
AAAAEEEEBBBBBBBBBBBBBBBBB
AAAAEEEEBBBBBBBBBBBBBBBBB
AAAAEEEEBBBBBBBBBBBBBBBBB
AAAAEEEEBBBBBBBBBBBBBBBBB
AAAAEEEEBBBBBBBBBBBBBBBBB
AAAAEEEEBBBBBBBBBBBBBBBBB
AAAAEEEEBBBBBBBBBBBBBBBBB
AAAAEEEEBBBBBBBBBBBBBBBBB
AAAAEEEEBBBBBBBBBBBBBBBBB
AAAAEEEEBBBBBBBBBBBBBBBBB
AAAAEEEEBBBBBBBBBBBBBBBBB
AAAAEEEEBBBBBBBBBBBBBBBBB
AAAAEEEEBBBBBBBBBBBBBBBBB
AAAAEEEEBBBBBBBBBBBBBBBBB
AAAAEEEEBBBBBBBBBBBBBBBBB
AAAAEEEEBBBBBBBBBBBBBBBBB
AAAAEEEEBBBBBBBBBBBBBBBBB
AAAAEEEEBBBBBBBBBBBBBBBBB
AAAAEEEEBBBBBBBBBBBBBBBBB
AAAAEEEEBBBBBBBBBBBBBBBBB
AAAAEEEEBBBBBBBBBBBBBBBBB
CCCCEEEEBBBBBBBBBBBBBBBBB
CCCCEEEEDDDDDDDDDDDDDDDDD
CCCCEEEEDDDDDDDDDDDDDDDDD
case #70:
ANBOCPDQERFSGTHUIVJWKXLYM
ANBOCPDQERFSGTHUIVJWKXLYM
ZNBOCPDQERFSGTHUIVJWKXLYM
ZNBOCPDQERFSGTHUIVJWKXLYM
ZNBOCPDQERFSGTHUIVJWKXLYM
ZNBOCPDQERFSGTHUIVJWKXLYM
ZNBOCPDQERFSGTHUIVJWKXLYM
ZNBOCPDQERFSGTHUIVJWKXLYM
ZNBOCPDQERFSGTHUIVJWKXLYM
ZNBOCPDQERFSGTHUIVJWKXLYM
ZNBOCPDQERFSGTHUIVJWKXLYM
ZNBOCPDQERFSGTHUIVJWKXLYM
ZNBOCPDQERFSGTHUIVJWKXLYM
ZNBOCPDQERFSGTHUIVJWKXLYM
ZNBOCPDQERFSGTHUIVJWKXLYM
ZNBOCPDQERFSGTHUIVJWKXLYM
ZNBOCPDQERFSGTHUIVJWKXLYM
ZNBOCPDQERFSGTHUIVJWKXLYM
ZNBOCPDQERFSGTHUIVJWKXLYM
ZNBOCPDQERFSGTHUIVJWKXLYM
ZNBOCPDQERFSGTHUIVJWKXLYM
ZNBOCPDQERFSGTHUIVJWKXLYM
ZNBOCPDQERFSGTHUIVJWKXLYM
ZNBOCPDQERFSGTHUIVJWKXLYM
ZNBOCPDQERFSGTHUIVJWKXLYM
case #71:
AEEEEBBBBBBBBBBBBFHIJJJJJ
AEEEEBBBBBBBBBBBBFHIJJJJJ
AEEEEBBBBBBBBBBBBFHIJJJJJ
AEEEEBBBBBBBBBBBBFHIJJJJJ
AEEEEBBBBBBBBBBBBFHIJJJJJ
AEEEEBBBBBBBBBBBBFHIJJJJJ
AEEEEBBBBBBBBBBBBFHIJJJJJ
CEEEEBBBBBBBBBBBBFHIJJJJJ
CEEEEDDDDDDDDDDDDFHIJJJJJ
CEEEEDDDDDDDDDDDDFHIJJJJJ
CEEEEDDDDDDDDDDDDFHIJJJJJ
CEEEEDDDDDDDDDDDDFHIJJJJJ
CEEEEDDDDDDDDDDDDFHIJJJJJ
CEEEEDDDDDDDDDDDDFHIJJJJJ
CEEEEDDDDDDDDDDDDFHIJJJJJ
CEEEEDDDDDDDDDDDDFHIJJJJJ
CEEEEDDDDDDDDDDDDFHIJJJJJ
CEEEEDDDDDDDDDDDDGHIJJJJJ
CEEEEDDDDDDDDDDDDGHIJJJJJ
CEEEEDDDDDDDDDDDDGHIJJJJJ
CEEEEDDDDDDDDDDDDGHIJJJJJ
CEEEEDDDDDDDDDDDDGHIJJJJJ
CEEEEDDDDDDDDDDDDGHIJJJJJ
CEEEEDDDDDDDDDDDDGHIJJJJJ
CEEEEDDDDDDDDDDDDGHIJJJJJ
case #72:
ABCDEFGHIJKLMNOPQRSTUVWXY
ABCDEFGHIJKLMNOPQRSTUVWXY
ABCDEFGHIJKLMNOPQRSTUVWXY
ABCDEFGHIJKLMNOPQRSTUVWXY
ABCDEFGHIJKLMNOPQRSTUVWXY
ABCDEFGHIJKLMNOPQRSTUVWXY
ABCDEFGHIJKLMNOPQRSTUVWXY
ABCDEFGHIJKLMNOPQRSTUVWXY
ABCDEFGHIJKLMNOPQRSTUVWXY
ABCDEFGHIJKLMNOPQRSTUVWXY
ABCDEFGHIJKLMNOPQRSTUVWXY
ABCDEFGHIJKLMNOPQRSTUVWXY
ABCDEFGHIJKLMNOPQRSTUVWXY
ABCDEFGHIJKLMNOPQRSTUVWXY
ABCDEFGHIJKLMNOPQRSTUVWXY
ABCDEFGHIJKLMNOPQRSTUVWXY
ABCDEFGHIJKLMNOPQRSTUVWXY
ABCDEFGHIJKLMNOPQRSTUVWXY
ABCDEFGHIJKLMNOPQRSTUVWXY
ABCDEFGHIJKLMNOPQRSTUVWXY
ABCDEFGHIJKLMNOPQRSTUVWXY
ABCDEFGHIJKLMNOPQRSTUVWXY
ABCDEFGHIJKLMNOPQRSTUVWXY
ABCDEFGHIJKLMNOPQRSTUVWXY
ABCDEFGHIJKLMNOPQRSTUVWXY
case #73:
AAAAAAAAAAAAAAAAAAAAAAAAA
BBBBBBBBBBBBBBBBBBBBBBBBB
CCCCCCCCCCCCCCCCCCCCCCCCC
DDDDDDDDDDDDDDDDDDDDDDDDD
EEEEEEEEEEEEEEEEEEEEEEEEE
FFFFFFFFFFFFFFFFFFFFFFFFF
GGGGGGGGGGGGGGGGGGGGGGGGG
HHHHHHHHHHHHHHHHHHHHHHHHH
IIIIIIIIIIIIIIIIIIIIIIIII
JJJJJJJJJJJJJJJJJJJJJJJJJ
KKKKKKKKKKKKKKKKKKKKKKKKK
LLLLLLLLLLLLLLLLLLLLLLLLL
MMMMMMMMMMMMMMMMMMMMMMMMM
NNNNNNNNNNNNNNNNNNNNNNNNN
OOOOOOOOOOOOOOOOOOOOOOOOO
PPPPPPPPPPPPPPPPPPPPPPPPP
QQQQQQQQQQQQQQQQQQQQQQQQQ
RRRRRRRRRRRRRRRRRRRRRRRRR
SSSSSSSSSSSSSSSSSSSSSSSSS
TTTTTTTTTTTTTTTTTTTTTTTTT
UUUUUUUUUUUUUUUUUUUUUUUUU
VVVVVVVVVVVVVVVVVVVVVVVVV
WWWWWWWWWWWWWWWWWWWWWWWWW
XXXXXXXXXXXXXXXXXXXXXXXXX
YYYYYYYYYYYYYYYYYYYYYYYYY
case #74:
FKKEVSTOOIIRPCNNAWMJHBYUU
FKKEVSTOOIIRPCNNAWMJHBYUU
FKKEVSTOOIIRPCNNAWMJHBYUU
FKKEVSTOOIIRPCNNAWMJHBYUU
FKKEVSTOOIIRPCNNAWMJHBYUU
FKKEVSTOOIIRPCNNAWMJHBYUU
FKKEVSTOOIIRPCNNAWMJHBYUU
FKKEVSTOOIIRPCNNAWMJHBYUU
FKKEVSTOOIIRPCNNAWMJHBYUU
FKKEVSTOOIIRPCNNAWMJHBDUU
FKKEVSTOOIIRPCNNAWMJHBDUU
FKKEVSTOOIIRPCNNAWMJHBDUU
FKKEVSTOOIIXPZNNAWMJHBDUU
FKKEVSTOOIIXPZNNAWMJHBDUU
FKKEVSTOOIIXPZNNAWMJHBDUU
FKKEVSTOOIIXPZNNAWMJHBDUU
FKKEGSTOOIIXPZNNAWMJHBDUU
FKKEGSTOOIIXPZNNAWMJHBDUU
FKKEGSTOOQQXPZNNAWMJHBDUU
FKKEGSTOOQQXPZNNAWMJHBDUU
FKKEGSTOOQQXPZNNAWMJHBDUU
FKKEGSTOOQQXPZNNAWMJHBDUU
FKKEGSTOOQQXLZNNAWMJHBDUU
FKKEGSTOOQQXLZNNAWMJHBDUU
FKKEGSTOOQQXLZNNAWMJHBDUU
case #75:
XUUGEJDYNRRLLIWQHHKKKMOSZ
XUUGEJDYNRRLLIWQHHKKKMOSZ
XUUGEJDYNRRLLIWQHHKKKMOSZ
XUUGEJDYNRRLLIWQHHKKKMOSZ
XUUGEJDYNRRLLIWQHHKKKMOSZ
XUUGEJDYNRRLLIWQHHKKKMOSZ
XUUGEJDYNRRLLIWQHHKKKMOSZ
XUUGEJDYNRRLLIWQHHKKKMOSZ
XUUGEJDYNRRLLIWQHHKKKMOSZ
XUUGEJDYNRRLLIWQHHKKKMOSZ
XUUFEJDYNRRLLIWQHHKKKMOSZ
XUUFEJDYNRRLLIWQHHKKKMOSZ
XUUFEJDYNRRLLIWQHHKKKMOSZ
XUUFEJDYNRRLLIWQHHKKKMOSZ
XUUFEJDYNRRLLIWQHHKKKMOSZ
XUUFEJDYNRRLLIWQHHKKKMOSZ
XUUFEJDYNRRLLIAQHHKKKMOSZ
XUUFEJDYNRRLLIAQHHKKKMOSZ
XUUFEJDYNRRLLIAQHHKKKMOSZ
XUUFEJDYNRRLLIAQCCKKKMOSZ
XUUFEJDYNRRLLIAQCCKKKMOSZ
XUUFEJDYNRRLLIAQCCKKKMPSZ
XUUFEJBYNRRLLIAQCCVVVMPSZ
XUUFEJBYNRRLLIAQCCVVVMPSZ
XUUFEJBYNRRLLITQCCVVVMPSZ
case #76:
AAAAAAAAAAEEEEBBBBBBBBBBB
AAAAAAAAAAEEEEBBBBBBBBBBB
AAAAAAAAAAEEEEBBBBBBBBBBB
AAAAAAAAAAEEEEBBBBBBBBBBB
AAAAAAAAAAEEEEBBBBBBBBBBB
AAAAAAAAAAEEEEBBBBBBBBBBB
AAAAAAAAAAEEEEBBBBBBBBBBB
CCCCCCCCCCEEEEBBBBBBBBBBB
CCCCCCCCCCEEEEDDDDDDDDDDD
CCCCCCCCCCEEEEDDDDDDDDDDD
CCCCCCCCCCEEEEDDDDDDDDDDD
CCCCCCCCCCEEEEDDDDDDDDDDD
CCCCCCCCCCEEEEDDDDDDDDDDD
CCCCCCCCCCEEEEDDDDDDDDDDD
CCCCCCCCCCEEEEDDDDDDDDDDD
CCCCCCCCCCEEEEDDDDDDDDDDD
CCCCCCCCCCEEEEDDDDDDDDDDD
CCCCCCCCCCEEEEDDDDDDDDDDD
CCCCCCCCCCEEEEDDDDDDDDDDD
CCCCCCCCCCEEEEDDDDDDDDDDD
CCCCCCCCCCEEEEDDDDDDDDDDD
CCCCCCCCCCEEEEDDDDDDDDDDD
CCCCCCCCCCEEEEDDDDDDDDDDD
CCCCCCCCCCEEEEDDDDDDDDDDD
CCCCCCCCCCEEEEDDDDDDDDDDD
case #77:
AAAAAAAAAAAAACDEEEEEEEEEE
AAAAAAAAAAAAACDEEEEEEEEEE
AAAAAAAAAAAAACDEEEEEEEEEE
AAAAAAAAAAAAACDEEEEEEEEEE
AAAAAAAAAAAAACDEEEEEEEEEE
AAAAAAAAAAAAACDEEEEEEEEEE
AAAAAAAAAAAAACDEEEEEEEEEE
AAAAAAAAAAAAACDEEEEEEEEEE
AAAAAAAAAAAAACDEEEEEEEEEE
AAAAAAAAAAAAACDEEEEEEEEEE
AAAAAAAAAAAAACDEEEEEEEEEE
AAAAAAAAAAAAACDEEEEEEEEEE
AAAAAAAAAAAAACDEEEEEEEEEE
AAAAAAAAAAAAACDEEEEEEEEEE
AAAAAAAAAAAAACDEEEEEEEEEE
AAAAAAAAAAAAACDEEEEEEEEEE
AAAAAAAAAAAAACDEEEEEEEEEE
AAAAAAAAAAAAACDEEEEEEEEEE
AAAAAAAAAAAAACDEEEEEEEEEE
AAAAAAAAAAAAACDEEEEEEEEEE
BBBBBBBBBBBBBCDEEEEEEEEEE
BBBBBBBBBBBBBCDEEEEEEEEEE
BBBBBBBBBBBBBCDEEEEEEEEEE
BBBBBBBBBBBBBCDEEEEEEEEEE
BBBBBBBBBBBBBCDEEEEEEEEEE
case #78:
KKZPPBNXYJGVUUCCCCCCCCCCC
KKZPPBNXYJGVUUCCCCCCCCCCC
KKZPPBNXYJGVUUCCCCCCCCCCC
KKZPPBNXYJGVUUCCCCCCCCCCC
KKZPPBNXYJGVUUCCCCCCCCCCC
KKZPPBNXYJGVUUCCCCCCCCCCC
KKZPPBNXYJGVUUCCCCCCCCCCC
KKZPPBNXYJGVUUCCCCCCCCCCC
KKZPPBNXYJGVUUCCCCCCCCCCC
KKZPPBSXYJGVUUCCCCCCCCCCC
KKZPPBLXYJADUUCCCCCCCCCCC
KKZPPBLXOJARUUCCCCCCCCCCC
KKZPPFHXOJARUUCCCCCCCCCCC
KKIPPFHXTJAQUUCCCCCCCCCCC
KKIPPFHETJAQUUCCCCCCCCCCC
KKIPPFHETJAQUUCCCCCCCCCCC
KKIPPFHEWJAQUUCCCCCCCCCCC
KKIPPFHEMJAQUUCCCCCCCCCCC
KKIPPFHEMJAQUUCCCCCCCCCCC
KKIPPFHEMJAQUUCCCCCCCCCCC
KKIPPFHEMJAQUUCCCCCCCCCCC
KKIPPFHEMJAQUUCCCCCCCCCCC
KKIPPFHEMJAQUUCCCCCCCCCCC
KKIPPFHEMJAQUUCCCCCCCCCCC
KKIPPFHEMJAQUUCCCCCCCCCCC
case #79:
RRRRRLKHAXXQQQQQQQQQQQQQQ
RRRRRLKHAXXQQQQQQQQQQQQQQ
RRRRRLKHAXXQQQQQQQQQQQQQQ
RRRRRLKHAXXQQQQQQQQQQQQQQ
RRRRRLKHAXXQQQQQQQQQQQQQQ
RRRRRLKHAXXQQQQQQQQQQQQQQ
RRRRRLKHAXXQQQQQQQQQQQQQQ
RRRRRLKHAXXQQQQQQQQQQQQQQ
RRRRRLKHAXXQQQQQQQQQQQQQQ
RRRRRLKHAXXQQQQQQQQQQQQQQ
RRRRRLKHAXXQQQQQQQQQQQQQQ
RRRRRLKHAXXQQQQQQQQQQQQQQ
RRRRRLKHAXXQQQQQQQQQQQQQQ
RRRRRLKHAXXQQQQQQQQQQQQQQ
RRRRRLKHAXXQQQQQQQQQQQQQQ
RRRRRLKHAXXQQQQQQQQQQQQQQ
RRRRRLKVCXXQQQQQQQQQQQQQQ
RRRRRLGUCXXQQQQQQQQQQQQQQ
RRRRRLDUCMMQQQQQQQQQQQQQQ
RRRRRLZBCMMQQQQQQQQQQQQQQ
RRRRRPZOCMMWWWWWWWWWWWWWW
RRRRRIZOFTTYYYYYYYYYYYYYY
RRRRRISEFNNYYYYYYYYYYYYYY
RRRRRISJFNNYYYYYYYYYYYYYY
RRRRRISJFNNYYYYYYYYYYYYYY
case #80:
AAACDEEEEEEEEEFJJJJGGGGGG
AAACDEEEEEEEEEFJJJJGGGGGG
AAACDEEEEEEEEEFJJJJGGGGGG
AAACDEEEEEEEEEFJJJJGGGGGG
AAACDEEEEEEEEEFJJJJGGGGGG
AAACDEEEEEEEEEFJJJJGGGGGG
AAACDEEEEEEEEEFJJJJGGGGGG
AAACDEEEEEEEEEFJJJJGGGGGG
BBBCDEEEEEEEEEFJJJJGGGGGG
BBBCDEEEEEEEEEFJJJJGGGGGG
BBBCDEEEEEEEEEFJJJJGGGGGG
BBBCDEEEEEEEEEFJJJJGGGGGG
BBBCDEEEEEEEEEFJJJJGGGGGG
BBBCDEEEEEEEEEFJJJJGGGGGG
BBBCDEEEEEEEEEHJJJJGGGGGG
BBBCDEEEEEEEEEHJJJJIIIIII
BBBCDEEEEEEEEEHJJJJIIIIII
BBBCDEEEEEEEEEHJJJJIIIIII
BBBCDEEEEEEEEEHJJJJIIIIII
BBBCDEEEEEEEEEHJJJJIIIIII
BBBCDEEEEEEEEEHJJJJIIIIII
BBBCDEEEEEEEEEHJJJJIIIIII
BBBCDEEEEEEEEEHJJJJIIIIII
BBBCDEEEEEEEEEHJJJJIIIIII
BBBCDEEEEEEEEEHJJJJIIIIII
case #81:
AAAAAAEEEEBBBBBBBBFHIJJJJ
AAAAAAEEEEBBBBBBBBFHIJJJJ
AAAAAAEEEEBBBBBBBBFHIJJJJ
CCCCCCEEEEBBBBBBBBFHIJJJJ
CCCCCCEEEEDDDDDDDDFHIJJJJ
CCCCCCEEEEDDDDDDDDFHIJJJJ
CCCCCCEEEEDDDDDDDDFHIJJJJ
CCCCCCEEEEDDDDDDDDFHIJJJJ
CCCCCCEEEEDDDDDDDDFHIJJJJ
CCCCCCEEEEDDDDDDDDFHIJJJJ
CCCCCCEEEEDDDDDDDDFHIJJJJ
CCCCCCEEEEDDDDDDDDFHIJJJJ
CCCCCCEEEEDDDDDDDDFHIJJJJ
CCCCCCEEEEDDDDDDDDFHIJJJJ
CCCCCCEEEEDDDDDDDDFHIJJJJ
CCCCCCEEEEDDDDDDDDFHIJJJJ
CCCCCCEEEEDDDDDDDDFHIJJJJ
CCCCCCEEEEDDDDDDDDFHIJJJJ
CCCCCCEEEEDDDDDDDDFHIJJJJ
CCCCCCEEEEDDDDDDDDFHIJJJJ
CCCCCCEEEEDDDDDDDDFHIJJJJ
CCCCCCEEEEDDDDDDDDGHIJJJJ
CCCCCCEEEEDDDDDDDDGHIJJJJ
CCCCCCEEEEDDDDDDDDGHIJJJJ
CCCCCCEEEEDDDDDDDDGHIJJJJ
case #82:
CCCCCCCEAKKBLDIIMJFFFFHHG
case #83:
OOAZZZBBTTHHHWPENRFUUKJCM
OOAZZZBBTTHHHWPENRFUUKJCM
OOAZZZBBTTHHHWPENRFUUKJCM
OOAZZZBBTTHHHWPENRFUUKJCM
OOAZZZLLTTHHHWPENRFUUKJCM
OOAXXXLLTTHHHWPENRFUUKJCM
OOAXXXLLTTHHHWPENRFUUKJCM
OOAXXXLLTTHHHWPENRFUUKJCM
OOAXXXLLTTHHHWPENRFUUKJCM
OOAXXXLLTTHHHWPENRFUUKJCM
OOAXXXLLTTHHHWPENRFUUKJCM
OOAXXXLLTTHHHWPENRFUUKJCM
OOAXXXLLTTHHHWPENRFUUKJCM
OOAXXXLLTTHHHWPEQRFUUKJCM
VVAXXXLLTTHHHWPEQRFUUKJCM
VVAXXXLLTTHHHWPEQRFUUKJCM
VVAXXXLLTTHHHWPEQRFUUKJCM
VVAXXXLLTTHHHWPEQRFUUKJCM
VVAXXXLLTTHHHWPEQRFUUKJCM
VVAXXXLLTTHHHGPEQRFUUIJYM
VVAXXXLLTTHHHGPEQRFUUIJYM
VVAXXXLLTTHHHGPEQRFUUIJYM
VVAXXXLLTTHHHGSEQRFUUIDYM
VVAXXXLLTTHHHGSEQRFUUIDYM
VVAXXXLLTTHHHGSEQRFUUIDYM
case #84:
LJBTTSMIQQQDDZZEEYPFUUUUW
LJBTTSMIQQQDDZZEEYPFUUUUW
LJBTTSMIQQQDDZZEEYPFUUUUW
LJBTTSMIQQQDDZZEEYPFUUUUW
LJBTTSMIQQQDDZZEEYPFUUUUW
LJBTTSMIQQQDDZZEEYPFUUUUW
LJBTTSMIQQQDDZZEEYPFUUUUW
LJBTTSMIQQQDDZZEEYPFUUUUW
LJBTTSMIQQQDDZZEEYPFUUUUW
LJBTTNMIQQQDDZZEEYPFUUUUW
LJBTTNMIKKKDDZZEEYPFUUUUW
LJBTTNMIKKKDDZZEEYPFUUUUW
LHBTTNMIKKKDDZZEEYPFUUUUW
LHBTTXMIKKKDDZZEEYPFUUUUW
LHBTTXMIKKKDDZZEEYPFUUUUW
LHCTTXMIKKKDDZZEEYPAUUUUW
LHCTTXMIKKKDDZZEEYPAUUUUW
LHCTTXMIKKKDDZZEEYPAUUUUR
LHCTTXMIKKKDDZZEEYPAUUUUR
LHCTTXMIKKKDDZZEEYPAUUUUR
LHCTTXMIKKKDDZZEEYPAUUUUR
LHCTTXMIKKKDDZZEEYPGUUUUR
LHCTTXMIKKKDDZZEEYPGUUUUR
LHCTTVMIKKKDDZZEEYPGUUUUR
LHCTTVMIKKKOOZZEEYPGUUUUR
case #85:
BBB
AAA
AAA
AAA
case #86:
DDDDDDDDDDDDDDUUNNTSHCJQK
DDDDDDDDDDDDDDUUNNTSHCJQK
DDDDDDDDDDDDDDUUNNOSHCJQK
DDDDDDDDDDDDDDUUNNOSHCJQK
DDDDDDDDDDDDDDUUNNOSHCJQK
DDDDDDDDDDDDDDUULLOSHCJQK
DDDDDDDDDDDDDDUUEEOSYCJQK
DDDDDDDDDDDDDDUUEEOSYFJQK
DDDDDDDDDDDDDDUUAAOMYFJQK
DDDDDDDDDDDDDDGGAAOPYFJQK
DDDDDDDDDDDDDDGGIIOPBFJZK
DDDDDDDDDDDDDDGGRROPBFXZK
DDDDDDDDDDDDDDGGRROPBFXVK
DDDDDDDDDDDDDDGGRROPBFXVK
DDDDDDDDDDDDDDGGRROPBWXVK
DDDDDDDDDDDDDDGGRROPBWXVK
DDDDDDDDDDDDDDGGRROPBWXVK
DDDDDDDDDDDDDDGGRROPBWXVK
DDDDDDDDDDDDDDGGRROPBWXVK
DDDDDDDDDDDDDDGGRROPBWXVK
DDDDDDDDDDDDDDGGRROPBWXVK
DDDDDDDDDDDDDDGGRROPBWXVK
DDDDDDDDDDDDDDGGRROPBWXVK
DDDDDDDDDDDDDDGGRROPBWXVK
DDDDDDDDDDDDDDGGRROPBWXVK
case #87:
OOOOOOOOOOOOOOOOOOOOHNVZT
OOOOOOOOOOOOOOOOOOOOHNVZT
OOOOOOOOOOOOOOOOOOOOHNVZT
OOOOOOOOOOOOOOOOOOOOHNVZT
OOOOOOOOOOOOOOOOOOOOHNVZC
OOOOOOOOOOOOOOOOOOOOHNVZQ
OOOOOOOOOOOOOOOOOOOOHNVBL
OOOOOOOOOOOOOOOOOOOOGNVBL
OOOOOOOOOOOOOOOOOOOOUNPBM
WWWWWWWWWWWWWWWWWWWWUNRIK
WWWWWWWWWWWWWWWWWWWWFNXIK
WWWWWWWWWWWWWWWWWWWWFNXDJ
WWWWWWWWWWWWWWWWWWWWFNSYA
WWWWWWWWWWWWWWWWWWWWFNSEA
WWWWWWWWWWWWWWWWWWWWFNSEA
WWWWWWWWWWWWWWWWWWWWFNSEA
WWWWWWWWWWWWWWWWWWWWFNSEA
WWWWWWWWWWWWWWWWWWWWFNSEA
WWWWWWWWWWWWWWWWWWWWFNSEA
WWWWWWWWWWWWWWWWWWWWFNSEA
WWWWWWWWWWWWWWWWWWWWFNSEA
WWWWWWWWWWWWWWWWWWWWFNSEA
WWWWWWWWWWWWWWWWWWWWFNSEA
WWWWWWWWWWWWWWWWWWWWFNSEA
WWWWWWWWWWWWWWWWWWWWFNSEA
case #88:
ABCDEFGHIJKLMNOPQRSTUVWXY
ABCDEFGHIJKLMNOPQRSTUVWXY
ABCDEFGHIJKLMNOPQRSTUVWXY
ABCDEFGHIJKLMNOPQRSTUVWXY
ABCDEFGHIJKLMNOPQRSTUVWXY
ABCDEFGHIJKLMNOPQRSTUVWXY
ABCDEFGHIJKLMNOPQRSTUVWXY
ABCDEFGHIJKLMNOPQRSTUVWXY
ABCDEFGHIJKLMNOPQRSTUVWXY
ABCDEFGHIJKLMNOPQRSTUVWXY
ABCDEFGHIJKLMNOPQRSTUVWXY
ABCDEFGHIJKLMNOPQRSTUVWXY
ABCDEFGHIJKLMNOPQRSTUVWXY
ABCDEFGHIJKLMNOPQRSTUVWXY
ABCDEFGHIJKLMNOPQRSTUVWXY
ABCDEFGHIJKLMNOPQRSTUVWXY
ABCDEFGHIJKLMNOPQRSTUVWXY
ABCDEFGHIJKLMNOPQRSTUVWXY
ABCDEFGHIJKLMNOPQRSTUVWXY
ABCDEFGHIJKLMNOPQRSTUVWXY
ABCDEFGHIJKLMNOPQRSTUVWXY
ABCDEFGHIJKLMNOPQRSTUVWXY
ABCDEFGHIJKLMNOPQRSTUVWXY
ABCDEFGHIJKLMNOPQRSTUVWXY
ABCDEFGHIJKLMNOPQRSTUVWXY
case #89:
DDDRVASMEFFQPPOOGITTTTYYY
DDDRVASMEFFQPPOOGITTTTYYY
DDDRVASMEFFQPPOOGITTTTYYY
DDDRVASMEFFQPPOOGITTTTYYY
DDDRVASMEFFQPPOOGITTTTYYY
DDDRVASMEFFQPPOOGITTTTYYY
DDDRVASMEFFQPPOOGITTTTYYY
DDDRVASMEFFQPPOOGITTTTYYY
DDDRVASMEFFQPPOOGITTTTYYY
DDDHVASWEFFQPPOOGIBBBBYYY
XXXHVASLEFFQPPOOGIBBBBYYY
XXXHVASLEFFQPPOOGIBBBBYYY
XXXHVASLEFFQPPOOGIBBBBYYY
XXXHVASLEFFQPPOOGIBBBBYYY
XXXHVASLEFFQPPOOGIBBBBYYY
XXXHVASLEFFQPPOOGIBBBBYYY
XXXHVASLEFFQPPOOGIBBBBYYY
XXXHVASJEFFQPPOOGIBBBBYYY
KKKHVASJEFFQCCOOGIBBBBYYY
KKKHVASJEFFQCCOOGIBBBBYYY
KKKHVASJEFFQCCOOGZBBBBYYY
KKKHVASJEFFQCCOOGZBBBBYYY
KKKHVASJEFFQCCOOGZBBBBYYY
KKKHVASJEFFUCCOOGZBBBBYYY
KKKHVASJEFFNCCOOGZBBBBYYY
case #90:
ZZZZZZZZZZZZZZZZXQUTSGEPV
ZZZZZZZZZZZZZZZZXQUTSGEPV
ZZZZZZZZZZZZZZZZXQUTSGEPV
ZZZZZZZZZZZZZZZZXQUTSGEPV
ZZZZZZZZZZZZZZZZXQCTSGEPV
ZZZZZZZZZZZZZZZZHQCTSAEPV
IIIIIIIIIIIIIIIIHQCTBAEPV
FFFFFFFFFFFFFFFFHQCTBAYPV
JJJJJJJJJJJJJJJJDQCTLWYPV
JJJJJJJJJJJJJJJJDQCTLKYPV
JJJJJJJJJJJJJJJJDQCTLNYPV
JJJJJJJJJJJJJJJJDQCRLNYPV
JJJJJJJJJJJJJJJJDQCRLNYPM
JJJJJJJJJJJJJJJJDQCRLOYPM
JJJJJJJJJJJJJJJJDQCRLOYPM
JJJJJJJJJJJJJJJJDQCRLOYPM
JJJJJJJJJJJJJJJJDQCRLOYPM
JJJJJJJJJJJJJJJJDQCRLOYPM
JJJJJJJJJJJJJJJJDQCRLOYPM
JJJJJJJJJJJJJJJJDQCRLOYPM
JJJJJJJJJJJJJJJJDQCRLOYPM
JJJJJJJJJJJJJJJJDQCRLOYPM
JJJJJJJJJJJJJJJJDQCRLOYPM
JJJJJJJJJJJJJJJJDQCRLOYPM
JJJJJJJJJJJJJJJJDQCRLOYPM
case #91:
ABCDEFGHIJKLMNOPQRSTUVWXY
ABCDEFGHIJKLMNOPQRSTUVWXY
ABCDEFGHIJKLMNOPQRSTUVWXY
ABCDEFGHIJKLMNOPQRSTUVWXY
ABCDEFGHIJKLMNOPQRSTUVWXY
ABCDEFGHIJKLMNOPQRSTUVWXY
ABCDEFGHIJKLMNOPQRSTUVWXY
ABCDEFGHIJKLMNOPQRSTUVWXY
ABCDEFGHIJKLMNOPQRSTUVWXY
ABCDEFGHIJKLMNOPQRSTUVWXY
ABCDEFGHIJKLMNOPQRSTUVWXY
ABCDEFGHIJKLMNOPQRSTUVWXY
ABCDEFGHIJKLMNOPQRSTUVWXY
ABCDEFGHIJKLMNOPQRSTUVWXY
ABCDEFGHIJKLMNOPQRSTUVWXY
ABCDEFGHIJKLMNOPQRSTUVWXY
ABCDEFGHIJKLMNOPQRSTUVWXY
ABCDEFGHIJKLMNOPQRSTUVWXY
ABCDEFGHIJKLMNOPQRSTUVWXY
ABCDEFGHIJKLMNOPQRSTUVWXY
ABCDEFGHIJKLMNOPQRSTUVWXY
ABCDEFGHIJKLMNOPQRSTUVWXY
ABCDEFGHIJKLMNOPQRSTUVWXY
ABCDEFGHIJKLMNOPQRSTUVWXY
ABCDEFGHIJKLMNOPQRSTUVWXY
case #92:
UJMNWBXXFIYHSTOOOOOOOOOOO
UJMNWBXXFIYHSTOOOOOOOOOOO
UJMNWBXXKIYHSTOOOOOOOOOOO
UJMNWBXXKIYHGTOOOOOOOOOOO
QJMNWLXXKIYHGTOOOOOOOOOOO
QJMNWLXXEIYHDTOOOOOOOOOOO
QRMCWZXXEIYHDTOOOOOOOOOOO
QRMPWZXXEIYHDTOOOOOOOOOOO
QRMPWZXXEIYHDTOOOOOOOOOOO
QRMVAZXXEIYHDTOOOOOOOOOOO
QRMVAZXXEIYHDTOOOOOOOOOOO
QRMVAZXXEIYHDTOOOOOOOOOOO
QRMVAZXXEIYHDTOOOOOOOOOOO
QRMVAZXXEIYHDTOOOOOOOOOOO
QRMVAZXXEIYHDTOOOOOOOOOOO
QRMVAZXXEIYHDTOOOOOOOOOOO
QRMVAZXXEIYHDTOOOOOOOOOOO
QRMVAZXXEIYHDTOOOOOOOOOOO
QRMVAZXXEIYHDTOOOOOOOOOOO
QRMVAZXXEIYHDTOOOOOOOOOOO
QRMVAZXXEIYHDTOOOOOOOOOOO
QRMVAZXXEIYHDTOOOOOOOOOOO
QRMVAZXXEIYHDTOOOOOOOOOOO
QRMVAZXXEIYHDTOOOOOOOOOOO
QRMVAZXXEIYHDTOOOOOOOOOOO
case #93:
PPPPPPPPPPPPPPYHBNAGOXXJL
IIIIIIIIIIIIIIYHBNAGOXXJL
IIIIIIIIIIIIIIUHBNAEOXXJL
IIIIIIIIIIIIIIUWBNAMOXXJL
IIIIIIIIIIIIIIUWBNAMOXXJL
IIIIIIIIIIIIIIUWBNAMOXXJL
IIIIIIIIIIIIIIUWBZAMOSSRV
IIIIIIIIIIIIIIUWBZADOCCRV
IIIIIIIIIIIIIIUWBZADKCCRV
IIIIIIIIIIIIIIUTBZQDFCCRV
IIIIIIIIIIIIIIUTBZQDFCCRV
IIIIIIIIIIIIIIUTBZQDFCCRV
IIIIIIIIIIIIIIUTBZQDFCCRV
IIIIIIIIIIIIIIUTBZQDFCCRV
IIIIIIIIIIIIIIUTBZQDFCCRV
IIIIIIIIIIIIIIUTBZQDFCCRV
IIIIIIIIIIIIIIUTBZQDFCCRV
IIIIIIIIIIIIIIUTBZQDFCCRV
IIIIIIIIIIIIIIUTBZQDFCCRV
IIIIIIIIIIIIIIUTBZQDFCCRV
IIIIIIIIIIIIIIUTBZQDFCCRV
IIIIIIIIIIIIIIUTBZQDFCCRV
IIIIIIIIIIIIIIUTBZQDFCCRV
IIIIIIIIIIIIIIUTBZQDFCCRV
IIIIIIIIIIIIIIUTBZQDFCCRV
case #94:
A
case #95:
JJXNNNFFUBBEERRRVVKKASOOD
ZZXNNNFFUBBEERRRVVKKASOOD
ZZXNNNFFUBBEERRRVVKKASOOD
ZZXNNNFFUBBEERRRVVKKASOOD
ZZXNNNFFUBBEERRRVVKKASOOD
ZZXNNNFFUBBEERRRVVKKASOOD
ZZXNNNFFUBBEERRRVVKKASOOD
ZZXNNNFFUBBEERRRVVKKASOOD
ZZXNNNFFUBBEERRRVVKKASOOD
ZZXNNNFFUBBEERRRVVKKASOOD
ZZXNNNFFUBBEERRRVVKKASOOD
ZZXNNNFFUBBEERRRVVKKASOOD
ZZXNNNFFUBBEERRRVVKKASOOD
ZZXNNNFFUBBEERRRVVKKASOOD
ZZXNNNFFUBBEERRRVVKKASOOD
ZZXNNNFFUBBEERRRVVKKASOOD
ZZXNNNFFUBBEERRRVVKKATOOD
ZZCNNNFFUBBEERRRMMKKATLLD
ZZCNNNFFUBBEERRRMMKKATLLD
ZZCNNNWWUHHEEGGGMMKKATLLD
ZZINNNWWUHHEEGGGMMKKATLLD
ZZINNNWWUHHEEGGGMMKKATLLD
ZZIPPPWWUYYEEGGGMMKKATLLD
ZZIPPPWWQYYEEGGGMMKKATLLD
ZZIPPPWWQYYEEGGGMMKKATLLD
case #96:
CCOOORDIEEUWQNYPLSSSKHVVV
CCOOORDIEEUWQNYPLSSSKHVVV
CCOOORDIEEUWQNYPLSSSKHVVV
CCOOORDIEEUWQNYPLSSSKHVVV
CCOOORDIEEUWQNYPLSSSKHVVV
CCOOORDIEEUWQNYPLSSSKHVVV
CCOOORDIEEMWQNYPLSSSKHVVV
CCOOORDIEEMWQNYPLSSSKHVVV
CCOOORDIXXMWQNYPLSSSKHVVV
CCOOORDIXXMWQNYPLSSSKHVVV
CCOOORDIXXMWQNYPLSSSKHVVV
CCOOORDIXXMWQNYPLSSSKHVVV
CCOOORDIXXMWFNYPLBBBKTVVV
CCOOORDIXXMWFNYPLBBBKTVVV
CCOOORDIXXMWFNYPLBBBKTVVV
CCOOORDIXXMWFNYPLBBBKTVVV
CCOOORDIXXMWFNYPLBBBKTVVV
CCOOORDIXXMWFNYPLBBBKTVVV
CCOOORDIXXMWFNYPLBBBKTVVV
CCOOORDIXXMWFNYPLBBBKTVVV
CCOOORDIXXAWFNYPLBBBKTVVV
CCOOORDIXXAWFNYPLBBBKTVVV
CCOOORDIXXAGJNYPLBBBKTVVV
CCOOORDIXXAGJNYPLBBBKTVVV
ZZOOORDIXXAGJNYPLBBBKTVVV
case #97:
QDANYZEJHWWWWWWWWWWWWWWWW
QDANYZEJHWWWWWWWWWWWWWWWW
QDANYZEJHWWWWWWWWWWWWWWWW
QDKNYZEJHWWWWWWWWWWWWWWWW
QDKNYZEJHWWWWWWWWWWWWWWWW
QDKNTZEJHWWWWWWWWWWWWWWWW
QSKNTZEJHWWWWWWWWWWWWWWWW
QFKNTZEUHWWWWWWWWWWWWWWWW
QXKNMZEUHWWWWWWWWWWWWWWWW
QXKNRZEUHWWWWWWWWWWWWWWWW
QXKNRZEUHWWWWWWWWWWWWWWWW
QXKGRZIUHWWWWWWWWWWWWWWWW
QLKGRZIBHWWWWWWWWWWWWWWWW
PLKOCZVBHWWWWWWWWWWWWWWWW
PLKOCZVBHWWWWWWWWWWWWWWWW
PLKOCZVBHWWWWWWWWWWWWWWWW
PLKOCZVBHWWWWWWWWWWWWWWWW
PLKOCZVBHWWWWWWWWWWWWWWWW
PLKOCZVBHWWWWWWWWWWWWWWWW
PLKOCZVBHWWWWWWWWWWWWWWWW
PLKOCZVBHWWWWWWWWWWWWWWWW
PLKOCZVBHWWWWWWWWWWWWWWWW
PLKOCZVBHWWWWWWWWWWWWWWWW
PLKOCZVBHWWWWWWWWWWWWWWWW
PLKOCZVBHWWWWWWWWWWWWWWWW
case #98:
MTTRRRVVYQGXHASNBJJUUEEID
MTTRRRVVYQGXHASNBJJUUEEID
MTTRRRVVYQGXHASNBJJUUEEID
MTTRRRVVYQGXHASNBJJUUEEID
MTTRRRVVYQGXHASNBJJUUEEID
MTTRRRVVYQGXHASNBJJUUEEID
MTTRRRVVYQGXHASNBJJUUEEID
MTTRRRVVYQGXHASNBJJUUEEID
MTTRRRVVYQGXHASNBJJUUEEID
MTTRRRVVYQGWCASNBJJUUEEZD
MTTRRRVVYQGWCASNBJJUUEEZD
MTTRRRVVYQGWCASNBJJUUEEZD
MTTRRRVVYQGWCASNBJJUUEEZD
MTTRRRVVYQGWCASNBJJFFEEZD
MTTRRRVVYQGWCASNBJJFFEEZD
MTTRRRVVYQGWCASNBJJFFEEZD
MTTRRRVVYQGWCASNBJJFFEEZD
MTTRRRVVYQGWCALNBJJFFEEZD
MTTRRRVVYQGWCALNBJJFFEEZD
MTTRRRVVYQGWCALNBJJFFEEZD
MTTRRRVVYQGWCALNBJJFFEEZD
MTTRRRPPYQGWCALNOJJFFEEZD
MTTRRRPPYQGWCALNOJJFFEEZD
MTTRRRPPYQGKCALNOJJFFEEZD
MTTRRRPPYQGKCALNOJJFFEEZD
case #99:
A
A
case #100:
CCFILLLRVYEEEEPGGKDXJJTNA
CCFILLLRVYEEEEPGGKDXJJTNA
CCFILLLRVYEEEEPGGKDXJJTNA
CCFILLLRVYEEEEPGGKDXJJTNA
CCFILLLRVYEEEEPGGKDXJJTNA
CCFILLLRVYEEEEPSSKDXJJTNA
CCFILLLRVYEEEEPSSKDXJJTNA
CCFILLLRVYEEEEPSSKDXJJTNA
CCFILLLRVYEEEEPSSKDXJJTNA
CCFILLLRVYEEEEPSSKDXJJTNA
CCFILLLRVYEEEEPSSKDXJJTNA
CCFILLLRVYEEEEPSSKDXJJTNA
CCFMLLLRVYEEEEPSSKDXJJTNA
CCFMLLLBVYEEEEPSSKDXJJTNA
CCFMLLLBVYEEEEPSSKDXJJTNA
CCFMLLLBVYWWWWOZZKDXJJTNA
CCFMLLLBVYWWWWOZZKDXJJTNA
CCFMLLLBVYWWWWOZZKDXJJTNA
CCFMLLLBVYWWWWOZZKDXJJTNA
CCFMLLLBVYWWWWOZZKDXJJTNA
CCFMLLLBVYWWWWOZZKDXJJTNA
CCFMLLLBVYWWWWOUUKDXJJTNA
CCFMLLLBVYWWWWHQQKDXJJTNA
CCFMLLLBVYWWWWHQQKDXJJTNA
CCFMLLLBVYWWWWHQQKDXJJTNA
